#
# There is insufficient memory for the Java Runtime Environment to continue.
# Native memory allocation (malloc) failed to allocate 244656 bytes for Chunk::new
# Possible reasons:
#   The system is out of physical RAM or swap space
#   In 32 bit mode, the process size limit was hit
# Possible solutions:
#   Reduce memory load on the system
#   Increase physical memory or swap space
#   Check if swap backing store is full
#   Use 64 bit Java on a 64 bit OS
#   Decrease Java heap size (-Xmx/-Xms)
#   Decrease number of Java threads
#   Decrease Java thread stack sizes (-Xss)
#   Set larger code cache with -XX:ReservedCodeCacheSize=
# This output file may be truncated or incomplete.
#
#  Out of Memory Error (allocation.cpp:390), pid=16792, tid=0x000000000000255c
#
# JRE version: OpenJDK Runtime Environment (8.0_152-b06) (build 1.8.0_152-release-1136-b06)
# Java VM: OpenJDK 64-Bit Server VM (25.152-b06 mixed mode windows-amd64 compressed oops)
# Failed to write core dump. Minidumps are not enabled by default on client versions of Windows
#

---------------  T H R E A D  ---------------

Current thread (0x0000000017ded000):  JavaThread "C2 CompilerThread1" daemon [_thread_in_native, id=9564, stack(0x0000000019640000,0x0000000019740000)]

Stack: [0x0000000019640000,0x0000000019740000]
[error occurred during error reporting (printing stack bounds), id 0xc0000005]

Native frames: (J=compiled Java code, j=interpreted, Vv=VM code, C=native code)


Current CompileTask:
C2:  12807 3516   !   4       java.lang.reflect.Executable::sharedToString (102 bytes)


---------------  P R O C E S S  ---------------

Java Threads: ( => current thread )
  0x000000001d9a2000 JavaThread "Memory manager" [_thread_blocked, id=8232, stack(0x0000000023350000,0x0000000023450000)]
  0x000000001d99b000 JavaThread "Build operations Thread 4" [_thread_blocked, id=15044, stack(0x0000000022c50000,0x0000000022d50000)]
  0x000000001d99a800 JavaThread "Build operations Thread 3" [_thread_blocked, id=15632, stack(0x0000000022b50000,0x0000000022c50000)]
  0x000000001d99d800 JavaThread "Build operations Thread 2" [_thread_blocked, id=17120, stack(0x0000000022a50000,0x0000000022b50000)]
  0x000000001d99f000 JavaThread "Build operations" [_thread_blocked, id=10796, stack(0x0000000022950000,0x0000000022a50000)]
  0x000000001d9a1000 JavaThread "Cache worker for Artifact transforms cache (C:\Users\vlsv__000\.gradle\caches\transforms-1)" [_thread_blocked, id=7940, stack(0x0000000021580000,0x0000000021680000)]
  0x000000001b142000 JavaThread "Cache worker for file hash cache (E:\Android_Code\hw04\.gradle\4.6\fileHashes)" [_thread_blocked, id=19312, stack(0x000000001da80000,0x000000001db80000)]
  0x000000001b141000 JavaThread "File lock request listener" [_thread_in_native, id=14416, stack(0x000000001c9b0000,0x000000001cab0000)]
  0x000000001b094800 JavaThread "Cache worker for file hash cache (C:\Users\vlsv__000\.gradle\caches\4.6\fileHashes)" [_thread_blocked, id=13656, stack(0x000000001c8b0000,0x000000001c9b0000)]
  0x000000001aff5000 JavaThread "Stdin handler" [_thread_blocked, id=7812, stack(0x000000001c5b0000,0x000000001c6b0000)]
  0x000000001afd0000 JavaThread "Asynchronous log dispatcher for DefaultDaemonConnection: socket connection from /127.0.0.1:58568 to /127.0.0.1:58569" [_thread_blocked, id=15708, stack(0x000000001c4b0000,0x000000001c5b0000)]
  0x000000001afd4800 JavaThread "Daemon worker" [_thread_in_vm, id=19420, stack(0x000000001c3b0000,0x000000001c4b0000)]
  0x000000001afd3800 JavaThread "Cancel handler" [_thread_blocked, id=14308, stack(0x000000001c2b0000,0x000000001c3b0000)]
  0x000000001af52000 JavaThread "Handler for socket connection from /127.0.0.1:58568 to /127.0.0.1:58569" [_thread_in_native, id=15200, stack(0x000000001bfb0000,0x000000001c0b0000)]
  0x000000001af51800 JavaThread "Daemon" [_thread_blocked, id=1056, stack(0x000000001beb0000,0x000000001bfb0000)]
  0x0000000019b0e000 JavaThread "Daemon periodic checks" [_thread_blocked, id=19368, stack(0x000000001bdb0000,0x000000001beb0000)]
  0x000000001ae71800 JavaThread "Incoming local TCP Connector on port 58568" [_thread_in_native, id=14432, stack(0x000000001bb70000,0x000000001bc70000)]
  0x0000000019868800 JavaThread "Service Thread" daemon [_thread_blocked, id=4244, stack(0x0000000019c40000,0x0000000019d40000)]
  0x0000000017df0000 JavaThread "C1 CompilerThread2" daemon [_thread_blocked, id=7468, stack(0x0000000019740000,0x0000000019840000)]
=>0x0000000017ded000 JavaThread "C2 CompilerThread1" daemon [_thread_in_native, id=9564, stack(0x0000000019640000,0x0000000019740000)]
  0x0000000017de9000 JavaThread "C2 CompilerThread0" daemon [_thread_in_native, id=828, stack(0x0000000019540000,0x0000000019640000)]
  0x0000000017df8000 JavaThread "Attach Listener" daemon [_thread_blocked, id=16580, stack(0x0000000019440000,0x0000000019540000)]
  0x0000000017df4800 JavaThread "Signal Dispatcher" daemon [_thread_blocked, id=11420, stack(0x0000000019340000,0x0000000019440000)]
  0x000000000447c800 JavaThread "Finalizer" daemon [_thread_blocked, id=4544, stack(0x0000000019040000,0x0000000019140000)]
  0x0000000004471000 JavaThread "Reference Handler" daemon [_thread_blocked, id=11816, stack(0x0000000018f40000,0x0000000019040000)]
  0x0000000002b6e000 JavaThread "main" [_thread_blocked, id=16836, stack(0x0000000002a60000,0x0000000002b60000)]

Other Threads:
  0x0000000017db5800 VMThread [stack: 0x0000000018e40000,0x0000000018f40000] [id=14908]
  0x0000000017e4d800 WatcherThread [stack: 0x0000000019d40000,0x0000000019e40000] [id=14364]

VM state:not at safepoint (normal execution)

VM Mutex/Monitor currently owned by a thread: None

Heap:
 PSYoungGen      total 189952K, used 39354K [0x00000000e0000000, 0x00000000ecf00000, 0x0000000100000000)
  eden space 180224K, 21% used [0x00000000e0000000,0x00000000e266ea00,0x00000000eb000000)
  from space 9728K, 0% used [0x00000000ec580000,0x00000000ec580000,0x00000000ecf00000)
  to   space 14336K, 0% used [0x00000000eb300000,0x00000000eb300000,0x00000000ec100000)
 ParOldGen       total 102400K, used 16475K [0x00000000a0000000, 0x00000000a6400000, 0x00000000e0000000)
  object space 102400K, 16% used [0x00000000a0000000,0x00000000a1016c10,0x00000000a6400000)
 Metaspace       used 36973K, capacity 37656K, committed 37800K, reserved 1081344K
  class space    used 5073K, capacity 5296K, committed 5296K, reserved 1048576K

Card table byte_map: [0x0000000013840000,0x0000000013b50000] byte_map_base: 0x0000000013340000

Marking Bits: (ParMarkBitMap*) 0x0000000056815aa0
 Begin Bits: [0x0000000014150000, 0x0000000015950000)
 End Bits:   [0x0000000015950000, 0x0000000017150000)

Polling page: 0x0000000002580000

CodeCache: size=245760Kb used=11147Kb max_used=11147Kb free=234613Kb
 bounds [0x0000000004480000, 0x0000000004f70000, 0x0000000013480000]
 total_blobs=3974 nmethods=3264 adapters=622
 compilation: enabled

Compilation events (10 events):
Event: 12.791 Thread 0x0000000017df0000 3593       3       org.gradle.model.internal.manage.schema.extract.StructSchemaExtractionStrategySupport::extractProperty (47 bytes)
Event: 12.792 Thread 0x0000000017df0000 nmethod 3593 0x0000000004f63710 code [0x0000000004f63a40, 0x0000000004f65218]
Event: 12.792 Thread 0x0000000017df0000 3595       3       org.gradle.model.internal.manage.schema.extract.ModelPropertyExtractionContext::getDeclaredBy (99 bytes)
Event: 12.793 Thread 0x0000000017df0000 nmethod 3595 0x0000000004f66050 code [0x0000000004f66320, 0x0000000004f676d8]
Event: 12.793 Thread 0x0000000017df0000 3594       3       org.gradle.model.internal.manage.schema.extract.StructSchemaExtractionStrategySupport::createProperty (93 bytes)
Event: 12.795 Thread 0x0000000017df0000 nmethod 3594 0x0000000004f68110 code [0x0000000004f68520, 0x0000000004f6a778]
Event: 12.795 Thread 0x0000000017df0000 3596       3       com.google.common.collect.ImmutableSet::chooseTableSize (55 bytes)
Event: 12.796 Thread 0x0000000017df0000 nmethod 3596 0x0000000004f6bf50 code [0x0000000004f6c120, 0x0000000004f6c638]
Event: 12.796 Thread 0x0000000017df0000 3597       3       org.gradle.model.internal.manage.schema.cache.SingleWeakClassSet::<init> (25 bytes)
Event: 12.797 Thread 0x0000000017df0000 nmethod 3597 0x0000000004f6c850 code [0x0000000004f6ca00, 0x0000000004f6cf48]

GC Heap History (10 events):
Event: 2.633 GC heap before
{Heap before GC invocations=4 (full 0):
 PSYoungGen      total 70656K, used 29233K [0x00000000e0000000, 0x00000000e8a00000, 0x0000000100000000)
  eden space 65536K, 36% used [0x00000000e0000000,0x00000000e1790558,0x00000000e4000000)
  from space 5120K, 99% used [0x00000000e4000000,0x00000000e44fc010,0x00000000e4500000)
  to   space 5120K, 0% used [0x00000000e8500000,0x00000000e8500000,0x00000000e8a00000)
 ParOldGen       total 86016K, used 5384K [0x00000000a0000000, 0x00000000a5400000, 0x00000000e0000000)
  object space 86016K, 6% used [0x00000000a0000000,0x00000000a05420c0,0x00000000a5400000)
 Metaspace       used 20767K, capacity 21192K, committed 21296K, reserved 1067008K
  class space    used 2914K, capacity 3076K, committed 3120K, reserved 1048576K
Event: 2.644 GC heap after
Heap after GC invocations=4 (full 0):
 PSYoungGen      total 136192K, used 5092K [0x00000000e0000000, 0x00000000e8a00000, 0x0000000100000000)
  eden space 131072K, 0% used [0x00000000e0000000,0x00000000e0000000,0x00000000e8000000)
  from space 5120K, 99% used [0x00000000e8500000,0x00000000e89f9070,0x00000000e8a00000)
  to   space 5120K, 0% used [0x00000000e8000000,0x00000000e8000000,0x00000000e8500000)
 ParOldGen       total 86016K, used 8890K [0x00000000a0000000, 0x00000000a5400000, 0x00000000e0000000)
  object space 86016K, 10% used [0x00000000a0000000,0x00000000a08ae820,0x00000000a5400000)
 Metaspace       used 20767K, capacity 21192K, committed 21296K, reserved 1067008K
  class space    used 2914K, capacity 3076K, committed 3120K, reserved 1048576K
}
Event: 2.644 GC heap before
{Heap before GC invocations=5 (full 1):
 PSYoungGen      total 136192K, used 5092K [0x00000000e0000000, 0x00000000e8a00000, 0x0000000100000000)
  eden space 131072K, 0% used [0x00000000e0000000,0x00000000e0000000,0x00000000e8000000)
  from space 5120K, 99% used [0x00000000e8500000,0x00000000e89f9070,0x00000000e8a00000)
  to   space 5120K, 0% used [0x00000000e8000000,0x00000000e8000000,0x00000000e8500000)
 ParOldGen       total 86016K, used 8890K [0x00000000a0000000, 0x00000000a5400000, 0x00000000e0000000)
  object space 86016K, 10% used [0x00000000a0000000,0x00000000a08ae820,0x00000000a5400000)
 Metaspace       used 20767K, capacity 21192K, committed 21296K, reserved 1067008K
  class space    used 2914K, capacity 3076K, committed 3120K, reserved 1048576K
Event: 2.688 GC heap after
Heap after GC invocations=5 (full 1):
 PSYoungGen      total 136192K, used 0K [0x00000000e0000000, 0x00000000e8a00000, 0x0000000100000000)
  eden space 131072K, 0% used [0x00000000e0000000,0x00000000e0000000,0x00000000e8000000)
  from space 5120K, 0% used [0x00000000e8500000,0x00000000e8500000,0x00000000e8a00000)
  to   space 5120K, 0% used [0x00000000e8000000,0x00000000e8000000,0x00000000e8500000)
 ParOldGen       total 64512K, used 8665K [0x00000000a0000000, 0x00000000a3f00000, 0x00000000e0000000)
  object space 64512K, 13% used [0x00000000a0000000,0x00000000a0876790,0x00000000a3f00000)
 Metaspace       used 20767K, capacity 21192K, committed 21296K, reserved 1067008K
  class space    used 2914K, capacity 3076K, committed 3120K, reserved 1048576K
}
Event: 6.437 GC heap before
{Heap before GC invocations=6 (full 1):
 PSYoungGen      total 136192K, used 131072K [0x00000000e0000000, 0x00000000e8a00000, 0x0000000100000000)
  eden space 131072K, 100% used [0x00000000e0000000,0x00000000e8000000,0x00000000e8000000)
  from space 5120K, 0% used [0x00000000e8500000,0x00000000e8500000,0x00000000e8a00000)
  to   space 5120K, 0% used [0x00000000e8000000,0x00000000e8000000,0x00000000e8500000)
 ParOldGen       total 64512K, used 8665K [0x00000000a0000000, 0x00000000a3f00000, 0x00000000e0000000)
  object space 64512K, 13% used [0x00000000a0000000,0x00000000a0876790,0x00000000a3f00000)
 Metaspace       used 29939K, capacity 30346K, committed 30512K, reserved 1075200K
  class space    used 4167K, capacity 4325K, committed 4400K, reserved 1048576K
Event: 6.448 GC heap after
Heap after GC invocations=6 (full 1):
 PSYoungGen      total 136192K, used 5088K [0x00000000e0000000, 0x00000000ed380000, 0x0000000100000000)
  eden space 131072K, 0% used [0x00000000e0000000,0x00000000e0000000,0x00000000e8000000)
  from space 5120K, 99% used [0x00000000e8000000,0x00000000e84f8020,0x00000000e8500000)
  to   space 14336K, 0% used [0x00000000ec580000,0x00000000ec580000,0x00000000ed380000)
 ParOldGen       total 64512K, used 15968K [0x00000000a0000000, 0x00000000a3f00000, 0x00000000e0000000)
  object space 64512K, 24% used [0x00000000a0000000,0x00000000a0f983e0,0x00000000a3f00000)
 Metaspace       used 29939K, capacity 30346K, committed 30512K, reserved 1075200K
  class space    used 4167K, capacity 4325K, committed 4400K, reserved 1048576K
}
Event: 12.140 GC heap before
{Heap before GC invocations=7 (full 1):
 PSYoungGen      total 136192K, used 40754K [0x00000000e0000000, 0x00000000ed380000, 0x0000000100000000)
  eden space 131072K, 27% used [0x00000000e0000000,0x00000000e22d49d8,0x00000000e8000000)
  from space 5120K, 99% used [0x00000000e8000000,0x00000000e84f8020,0x00000000e8500000)
  to   space 14336K, 0% used [0x00000000ec580000,0x00000000ec580000,0x00000000ed380000)
 ParOldGen       total 64512K, used 15968K [0x00000000a0000000, 0x00000000a3f00000, 0x00000000e0000000)
  object space 64512K, 24% used [0x00000000a0000000,0x00000000a0f983e0,0x00000000a3f00000)
 Metaspace       used 34848K, capacity 35384K, committed 35496K, reserved 1079296K
  class space    used 4818K, capacity 5030K, committed 5040K, reserved 1048576K
Event: 12.149 GC heap after
Heap after GC invocations=7 (full 1):
 PSYoungGen      total 189952K, used 9595K [0x00000000e0000000, 0x00000000ecf00000, 0x0000000100000000)
  eden space 180224K, 0% used [0x00000000e0000000,0x00000000e0000000,0x00000000eb000000)
  from space 9728K, 98% used [0x00000000ec580000,0x00000000eceded18,0x00000000ecf00000)
  to   space 14336K, 0% used [0x00000000eb300000,0x00000000eb300000,0x00000000ec100000)
 ParOldGen       total 64512K, used 15976K [0x00000000a0000000, 0x00000000a3f00000, 0x00000000e0000000)
  object space 64512K, 24% used [0x00000000a0000000,0x00000000a0f9a3e0,0x00000000a3f00000)
 Metaspace       used 34848K, capacity 35384K, committed 35496K, reserved 1079296K
  class space    used 4818K, capacity 5030K, committed 5040K, reserved 1048576K
}
Event: 12.149 GC heap before
{Heap before GC invocations=8 (full 2):
 PSYoungGen      total 189952K, used 9595K [0x00000000e0000000, 0x00000000ecf00000, 0x0000000100000000)
  eden space 180224K, 0% used [0x00000000e0000000,0x00000000e0000000,0x00000000eb000000)
  from space 9728K, 98% used [0x00000000ec580000,0x00000000eceded18,0x00000000ecf00000)
  to   space 14336K, 0% used [0x00000000eb300000,0x00000000eb300000,0x00000000ec100000)
 ParOldGen       total 64512K, used 15976K [0x00000000a0000000, 0x00000000a3f00000, 0x00000000e0000000)
  object space 64512K, 24% used [0x00000000a0000000,0x00000000a0f9a3e0,0x00000000a3f00000)
 Metaspace       used 34848K, capacity 35384K, committed 35496K, reserved 1079296K
  class space    used 4818K, capacity 5030K, committed 5040K, reserved 1048576K
Event: 12.216 GC heap after
Heap after GC invocations=8 (full 2):
 PSYoungGen      total 189952K, used 0K [0x00000000e0000000, 0x00000000ecf00000, 0x0000000100000000)
  eden space 180224K, 0% used [0x00000000e0000000,0x00000000e0000000,0x00000000eb000000)
  from space 9728K, 0% used [0x00000000ec580000,0x00000000ec580000,0x00000000ecf00000)
  to   space 14336K, 0% used [0x00000000eb300000,0x00000000eb300000,0x00000000ec100000)
 ParOldGen       total 102400K, used 16475K [0x00000000a0000000, 0x00000000a6400000, 0x00000000e0000000)
  object space 102400K, 16% used [0x00000000a0000000,0x00000000a1016c10,0x00000000a6400000)
 Metaspace       used 34848K, capacity 35384K, committed 35496K, reserved 1079296K
  class space    used 4818K, capacity 5030K, committed 5040K, reserved 1048576K
}

Deoptimization events (10 events):
Event: 6.178 Thread 0x000000001d99b000 Uncommon trap: reason=unstable_if action=reinterpret pc=0x00000000049148d0 method=java.util.concurrent.ConcurrentHashMap.transfer([Ljava/util/concurrent/ConcurrentHashMap$Node;[Ljava/util/concurrent/ConcurrentHashMap$Node;)V @ 34
Event: 11.525 Thread 0x000000001afd4800 Uncommon trap: reason=class_check action=maybe_recompile pc=0x0000000004e34a9c method=java.io.BufferedInputStream.read1([BII)I @ 39
Event: 11.525 Thread 0x000000001afd4800 Uncommon trap: reason=class_check action=maybe_recompile pc=0x0000000004e34a9c method=java.io.BufferedInputStream.read1([BII)I @ 39
Event: 11.525 Thread 0x000000001afd4800 Uncommon trap: reason=class_check action=maybe_recompile pc=0x0000000004e34a9c method=java.io.BufferedInputStream.read1([BII)I @ 39
Event: 12.216 Thread 0x0000000004471000 Uncommon trap: reason=unstable_if action=reinterpret pc=0x00000000045bfc38 method=java.lang.ref.Reference.tryHandlePending(Z)Z @ 104
Event: 12.588 Thread 0x000000001afd4800 Uncommon trap: reason=range_check action=make_not_entrant pc=0x0000000004737384 method=java.lang.String.charAt(I)C @ 27
Event: 12.686 Thread 0x000000001afd4800 Uncommon trap: reason=unstable_if action=reinterpret pc=0x0000000004cf7c74 method=java.util.HashMap.putVal(ILjava/lang/Object;Ljava/lang/Object;ZZ)Ljava/lang/Object; @ 162
Event: 12.686 Thread 0x000000001afd4800 Uncommon trap: reason=unstable_if action=reinterpret pc=0x0000000004ce24dc method=java.util.HashMap.putVal(ILjava/lang/Object;Ljava/lang/Object;ZZ)Ljava/lang/Object; @ 162
Event: 12.686 Thread 0x000000001afd4800 Uncommon trap: reason=unstable_if action=reinterpret pc=0x0000000004728d40 method=java.util.HashMap.resize()[Ljava/util/HashMap$Node; @ 206
Event: 12.775 Thread 0x000000001afd4800 Uncommon trap: reason=unstable_if action=reinterpret pc=0x0000000004efffb4 method=java.lang.reflect.Modifier.toString(I)Ljava/lang/String; @ 123

Classes redefined (0 events):
No events

Internal exceptions (10 events):
Event: 11.087 Thread 0x000000001afd4800 Exception <a 'java/lang/ClassNotFoundException': org/gradle/api/internal/AbstractTaskCustomizer> (0x00000000e0745370) thrown at [D:\src\AOSP-openjdk-cygwin\jdk8u\hotspot\src\share\vm\classfile\systemDictionary.cpp, line 210]
Event: 11.089 Thread 0x000000001afd4800 Exception <a 'java/lang/ClassNotFoundException': org/gradle/api/DefaultTaskCustomizer> (0x00000000e07d01a8) thrown at [D:\src\AOSP-openjdk-cygwin\jdk8u\hotspot\src\share\vm\classfile\systemDictionary.cpp, line 210]
Event: 11.090 Thread 0x000000001afd4800 Exception <a 'java/lang/ClassNotFoundException': org/gradle/api/internal/ConventionTaskCustomizer> (0x00000000e080d5b8) thrown at [D:\src\AOSP-openjdk-cygwin\jdk8u\hotspot\src\share\vm\classfile\systemDictionary.cpp, line 210]
Event: 11.091 Thread 0x000000001afd4800 Exception <a 'java/lang/ClassNotFoundException': org/gradle/api/tasks/DeleteCustomizer> (0x00000000e0847f08) thrown at [D:\src\AOSP-openjdk-cygwin\jdk8u\hotspot\src\share\vm\classfile\systemDictionary.cpp, line 210]
Event: 11.092 Thread 0x000000001afd4800 Exception <a 'java/lang/ClassNotFoundException': org/gradle/api/tasks/Delete_DecoratedCustomizer> (0x00000000e0890ca8) thrown at [D:\src\AOSP-openjdk-cygwin\jdk8u\hotspot\src\share\vm\classfile\systemDictionary.cpp, line 210]
Event: 11.360 Thread 0x000000001afd4800 Exception <a 'java/lang/ClassNotFoundException': build_37jkoxv1kfv4rln6s6inoza2cBeanInfo> (0x00000000e0997110) thrown at [D:\src\AOSP-openjdk-cygwin\jdk8u\hotspot\src\share\vm\classfile\systemDictionary.cpp, line 210]
Event: 11.360 Thread 0x000000001afd4800 Exception <a 'java/lang/ClassNotFoundException': build_37jkoxv1kfv4rln6s6inoza2cCustomizer> (0x00000000e09a1b70) thrown at [D:\src\AOSP-openjdk-cygwin\jdk8u\hotspot\src\share\vm\classfile\systemDictionary.cpp, line 210]
Event: 11.363 Thread 0x000000001afd4800 Exception <a 'java/lang/ClassNotFoundException': org/gradle/api/internal/plugins/DefaultObjectConfigurationActionBeanInfo> (0x00000000e0a0b680) thrown at [D:\src\AOSP-openjdk-cygwin\jdk8u\hotspot\src\share\vm\classfile\systemDictionary.cpp, line 210]
Event: 11.364 Thread 0x000000001afd4800 Exception <a 'java/lang/ClassNotFoundException': org/gradle/api/internal/plugins/DefaultObjectConfigurationActionCustomizer> (0x00000000e0b552a8) thrown at [D:\src\AOSP-openjdk-cygwin\jdk8u\hotspot\src\share\vm\classfile\systemDictionary.cpp, line 210]
Event: 12.386 Thread 0x000000001afd4800 Exception <a 'sun/nio/fs/WindowsException'> (0x00000000e06ab8d8) thrown at [D:\src\AOSP-openjdk-cygwin\jdk8u\hotspot\src\share\vm\prims\jni.cpp, line 709]

Events (10 events):
Event: 12.780 loading class org/gradle/api/file/FileVisitDetails
Event: 12.780 loading class org/gradle/api/file/FileVisitDetails done
Event: 12.787 loading class sun/reflect/generics/tree/ByteSignature
Event: 12.787 loading class sun/reflect/generics/tree/ByteSignature done
Event: 12.795 loading class org/apache/tools/ant/util/IdentityStack
Event: 12.795 loading class org/apache/tools/ant/util/IdentityStack done
Event: 12.796 Executing VM operation: Deoptimize
Event: 12.797 Executing VM operation: Deoptimize done
Event: 12.798 loading class org/apache/tools/ant/types/FilterSet$Filter
Event: 12.798 loading class org/apache/tools/ant/types/FilterSet$Filter done


Dynamic libraries:
0x00007ff7c23a0000 - 0x00007ff7c23d1000 	C:\Program Files\Android\Android Studio\jre\bin\java.exe
0x00007ffd79580000 - 0x00007ffd79760000 	C:\Windows\SYSTEM32\ntdll.dll
0x00007ffd76a50000 - 0x00007ffd76afe000 	C:\Windows\System32\KERNEL32.DLL
0x00007ffd759d0000 - 0x00007ffd75c36000 	C:\Windows\System32\KERNELBASE.dll
0x00007ffd78c10000 - 0x00007ffd78cb1000 	C:\Windows\System32\ADVAPI32.dll
0x00007ffd793d0000 - 0x00007ffd7946d000 	C:\Windows\System32\msvcrt.dll
0x00007ffd78960000 - 0x00007ffd789bb000 	C:\Windows\System32\sechost.dll
0x00007ffd78cc0000 - 0x00007ffd78ddf000 	C:\Windows\System32\RPCRT4.dll
0x00007ffd78610000 - 0x00007ffd7879f000 	C:\Windows\System32\USER32.dll
0x00007ffd75d90000 - 0x00007ffd75db0000 	C:\Windows\System32\win32u.dll
0x00007ffd78890000 - 0x00007ffd788b8000 	C:\Windows\System32\GDI32.dll
0x00007ffd76830000 - 0x00007ffd769c3000 	C:\Windows\System32\gdi32full.dll
0x00007ffd75cf0000 - 0x00007ffd75d8b000 	C:\Windows\System32\msvcp_win.dll
0x00007ffd75f80000 - 0x00007ffd76075000 	C:\Windows\System32\ucrtbase.dll
0x00007ffd5ba60000 - 0x00007ffd5bcc9000 	C:\Windows\WinSxS\amd64_microsoft.windows.common-controls_6595b64144ccf1df_6.0.16299.665_none_15cbd8769361ff10\COMCTL32.dll
0x00007ffd78f80000 - 0x00007ffd79287000 	C:\Windows\System32\combase.dll
0x00007ffd769d0000 - 0x00007ffd76a42000 	C:\Windows\System32\bcryptPrimitives.dll
0x00007ffd78860000 - 0x00007ffd7888d000 	C:\Windows\System32\IMM32.DLL
0x00000000570f0000 - 0x00000000571c2000 	C:\Program Files\Android\Android Studio\jre\jre\bin\msvcr100.dll
0x0000000056050000 - 0x0000000056891000 	C:\Program Files\Android\Android Studio\jre\jre\bin\server\jvm.dll
0x00007ffd793c0000 - 0x00007ffd793c8000 	C:\Windows\System32\PSAPI.DLL
0x00007ffd73c70000 - 0x00007ffd73c7a000 	C:\Windows\SYSTEM32\VERSION.dll
0x00007ffd739c0000 - 0x00007ffd739e3000 	C:\Windows\SYSTEM32\WINMM.dll
0x00007ffd73e10000 - 0x00007ffd73e19000 	C:\Windows\SYSTEM32\WSOCK32.dll
0x00007ffd788d0000 - 0x00007ffd7893c000 	C:\Windows\System32\WS2_32.dll
0x00007ffd73960000 - 0x00007ffd7398a000 	C:\Windows\SYSTEM32\WINMMBASE.dll
0x00007ffd75980000 - 0x00007ffd759ca000 	C:\Windows\System32\cfgmgr32.dll
0x00007ffd73a80000 - 0x00007ffd73a8f000 	C:\Program Files\Android\Android Studio\jre\jre\bin\verify.dll
0x00007ffd5dbc0000 - 0x00007ffd5dbe9000 	C:\Program Files\Android\Android Studio\jre\jre\bin\java.dll
0x00007ffd72400000 - 0x00007ffd72416000 	C:\Program Files\Android\Android Studio\jre\jre\bin\zip.dll
0x00007ffd76b00000 - 0x00007ffd77f38000 	C:\Windows\System32\SHELL32.dll
0x00007ffd787a0000 - 0x00007ffd78846000 	C:\Windows\System32\shcore.dll
0x00007ffd76080000 - 0x00007ffd767c7000 	C:\Windows\System32\windows.storage.dll
0x00007ffd79290000 - 0x00007ffd792e1000 	C:\Windows\System32\shlwapi.dll
0x00007ffd758d0000 - 0x00007ffd758e1000 	C:\Windows\System32\kernel.appcore.dll
0x00007ffd75930000 - 0x00007ffd7597c000 	C:\Windows\System32\powrprof.dll
0x00007ffd758f0000 - 0x00007ffd7590b000 	C:\Windows\System32\profapi.dll
0x00007ffd6add0000 - 0x00007ffd6adea000 	C:\Program Files\Android\Android Studio\jre\jre\bin\net.dll
0x00007ffd75160000 - 0x00007ffd751c6000 	C:\Windows\system32\mswsock.dll
0x00007ffd6ad30000 - 0x00007ffd6ad41000 	C:\Program Files\Android\Android Studio\jre\jre\bin\nio.dll
0x00007ffd72430000 - 0x00007ffd7244e000 	C:\Users\vlsv__000\.gradle\native\25\windows-amd64\native-platform.dll
0x00007ffd73a70000 - 0x00007ffd73a7d000 	C:\Program Files\Android\Android Studio\jre\jre\bin\management.dll
0x00007ffd75330000 - 0x00007ffd75347000 	C:\Windows\SYSTEM32\CRYPTSP.dll
0x00007ffd74d00000 - 0x00007ffd74d33000 	C:\Windows\system32\rsaenh.dll
0x00007ffd75430000 - 0x00007ffd75455000 	C:\Windows\SYSTEM32\bcrypt.dll
0x00007ffd75800000 - 0x00007ffd75829000 	C:\Windows\SYSTEM32\USERENV.dll
0x00007ffd75320000 - 0x00007ffd7532b000 	C:\Windows\SYSTEM32\CRYPTBASE.dll
0x00007ffd74e90000 - 0x00007ffd74ec9000 	C:\Windows\SYSTEM32\IPHLPAPI.DLL
0x00007ffd78850000 - 0x00007ffd78858000 	C:\Windows\System32\NSI.dll
0x00007ffd6c880000 - 0x00007ffd6c896000 	C:\Windows\SYSTEM32\dhcpcsvc6.DLL
0x00007ffd6c860000 - 0x00007ffd6c87a000 	C:\Windows\SYSTEM32\dhcpcsvc.DLL

VM Arguments:
jvm_args: -Xmx1536m -Dfile.encoding=windows-1251 -Duser.country=RU -Duser.language=ru -Duser.variant 
java_command: org.gradle.launcher.daemon.bootstrap.GradleDaemon 4.6
java_class_path (initial): C:\Users\vlsv__000\.gradle\wrapper\dists\gradle-4.6-all\bcst21l2brirad8k2ben1letg\gradle-4.6\lib\gradle-launcher-4.6.jar
Launcher Type: SUN_STANDARD

Environment Variables:
PATH=C:\ProgramData\Oracle\Java\javapath;C:\Program Files (x86)\NVIDIA Corporation\PhysX\Common;C:\Program Files (x86)\Intel\iCLS Client\;C:\Program Files\Intel\iCLS Client\;C:\Windows\system32;C:\Windows;C:\Windows\System32\Wbem;C:\Windows\System32\WindowsPowerShell\v1.0\;C:\Program Files\Intel\Intel(R) Management Engine Components\DAL;C:\Program Files\Intel\Intel(R) Management Engine Components\IPT;C:\Program Files (x86)\Intel\Intel(R) Management Engine Components\DAL;C:\Program Files (x86)\Intel\Intel(R) Management Engine Components\IPT;C:\Program Files (x86)\Common Files\lenovo\easyplussdk\bin;C:\Program Files (x86)\OneScript\\bin;C:\Program Files (x86)\LM4\;C:\Program Files\LM4\;C:\Users\vlsv__000\AppData\Local\Microsoft\WindowsApps;C:\Users\vlsv__000\AppData\Local\Programs\Git\cmd
USERNAME=vlsv__000
OS=Windows_NT
PROCESSOR_IDENTIFIER=Intel64 Family 6 Model 60 Stepping 3, GenuineIntel



---------------  S Y S T E M  ---------------

OS: Windows 10.0 , 64 bit Build 16299 (10.0.16299.431)

CPU:total 4 (initial active 4) (2 cores per cpu, 2 threads per core) family 6 model 60 stepping 3, cmov, cx8, fxsr, mmx, sse, sse2, sse3, ssse3, sse4.1, sse4.2, popcnt, avx, avx2, aes, clmul, erms, lzcnt, ht, tsc, tscinvbit, bmi1, bmi2

Memory: 4k page, physical 8257456k(617300k free), swap 12353456k(2764k free)

vm_info: OpenJDK 64-Bit Server VM (25.152-b06) for windows-amd64 JRE (1.8.0_152-release-1136-b06), built by "builder" with MS VC++ 10.0 (VS2010)

time: Mon Nov 19 21:29:30 2018
elapsed time: 12 seconds (0d 0h 0m 12s)

