#
# There is insufficient memory for the Java Runtime Environment to continue.
# Native memory allocation (malloc) failed to allocate 131088 bytes for Chunk::new
# Possible reasons:
#   The system is out of physical RAM or swap space
#   In 32 bit mode, the process size limit was hit
# Possible solutions:
#   Reduce memory load on the system
#   Increase physical memory or swap space
#   Check if swap backing store is full
#   Use 64 bit Java on a 64 bit OS
#   Decrease Java heap size (-Xmx/-Xms)
#   Decrease number of Java threads
#   Decrease Java thread stack sizes (-Xss)
#   Set larger code cache with -XX:ReservedCodeCacheSize=
# This output file may be truncated or incomplete.
#
#  Out of Memory Error (allocation.cpp:390), pid=16972, tid=0x0000000000003db0
#
# JRE version: OpenJDK Runtime Environment (8.0_152-b06) (build 1.8.0_152-release-1136-b06)
# Java VM: OpenJDK 64-Bit Server VM (25.152-b06 mixed mode windows-amd64 compressed oops)
# Failed to write core dump. Minidumps are not enabled by default on client versions of Windows
#

---------------  T H R E A D  ---------------

Current thread (0x0000000019601800):  JavaThread "C2 CompilerThread0" daemon [_thread_in_native, id=15792, stack(0x000000001ad60000,0x000000001ae60000)]

Stack: [0x000000001ad60000,0x000000001ae60000]
[error occurred during error reporting (printing stack bounds), id 0xc0000005]

Native frames: (J=compiled Java code, j=interpreted, Vv=VM code, C=native code)


Current CompileTask:
C2:   1425 1523       4       java.net.URLClassLoader$1::run (5 bytes)


---------------  P R O C E S S  ---------------

Java Threads: ( => current thread )
  0x000000001b094800 JavaThread "Service Thread" daemon [_thread_blocked, id=9628, stack(0x000000001b460000,0x000000001b560000)]
  0x0000000019608800 JavaThread "C1 CompilerThread2" daemon [_thread_blocked, id=10288, stack(0x000000001af60000,0x000000001b060000)]
  0x0000000019605800 JavaThread "C2 CompilerThread1" daemon [_thread_in_native, id=17028, stack(0x000000001ae60000,0x000000001af60000)]
=>0x0000000019601800 JavaThread "C2 CompilerThread0" daemon [_thread_in_native, id=15792, stack(0x000000001ad60000,0x000000001ae60000)]
  0x0000000019600000 JavaThread "Attach Listener" daemon [_thread_blocked, id=16832, stack(0x000000001ac60000,0x000000001ad60000)]
  0x00000000195fc800 JavaThread "Signal Dispatcher" daemon [_thread_blocked, id=10316, stack(0x000000001ab60000,0x000000001ac60000)]
  0x00000000195e8000 JavaThread "Finalizer" daemon [_thread_blocked, id=14712, stack(0x000000001a860000,0x000000001a960000)]
  0x0000000004b03800 JavaThread "Reference Handler" daemon [_thread_blocked, id=1528, stack(0x000000001a760000,0x000000001a860000)]
  0x0000000004a13800 JavaThread "main" [_thread_in_vm, id=14856, stack(0x0000000004910000,0x0000000004a10000)]

Other Threads:
  0x00000000195c6000 VMThread [stack: 0x000000001a660000,0x000000001a760000] [id=2784]
  0x000000001b095800 WatcherThread [stack: 0x000000001b560000,0x000000001b660000] [id=13344]

VM state:not at safepoint (normal execution)

VM Mutex/Monitor currently owned by a thread: None

Heap:
 PSYoungGen      total 70656K, used 47584K [0x00000000d6000000, 0x00000000daa00000, 0x0000000100000000)
  eden space 65536K, 72% used [0x00000000d6000000,0x00000000d8e78000,0x00000000da000000)
  from space 5120K, 0% used [0x00000000da500000,0x00000000da500000,0x00000000daa00000)
  to   space 5120K, 0% used [0x00000000da000000,0x00000000da000000,0x00000000da500000)
 ParOldGen       total 64512K, used 6356K [0x0000000082000000, 0x0000000085f00000, 0x00000000d6000000)
  object space 64512K, 9% used [0x0000000082000000,0x0000000082635300,0x0000000085f00000)
 Metaspace       used 21627K, capacity 22022K, committed 22400K, reserved 1071104K
  class space    used 2767K, capacity 2893K, committed 2944K, reserved 1048576K

Card table byte_map: [0x0000000013ed0000,0x00000000142d0000] byte_map_base: 0x0000000013ac0000

Marking Bits: (ParMarkBitMap*) 0x0000000056815aa0
 Begin Bits: [0x0000000014970000, 0x00000000168f0000)
 End Bits:   [0x00000000168f0000, 0x0000000018870000)

Polling page: 0x0000000002b40000

CodeCache: size=245760Kb used=5028Kb max_used=5028Kb free=240731Kb
 bounds [0x0000000004b10000, 0x0000000005000000, 0x0000000013b10000]
 total_blobs=2066 nmethods=1673 adapters=306
 compilation: enabled

Compilation events (10 events):
Event: 1.366 Thread 0x0000000019608800 1642       3       java.util.HashMap$KeyIterator::next (8 bytes)
Event: 1.366 Thread 0x0000000019608800 nmethod 1642 0x0000000004fec250 code [0x0000000004fec3c0, 0x0000000004fec5c8]
Event: 1.367 Thread 0x0000000019605800 nmethod 1628 0x0000000004fed810 code [0x0000000004fed9a0, 0x0000000004fedf18]
Event: 1.367 Thread 0x0000000019605800 1627       4       java.util.zip.ZipEntry::setExtra0 (360 bytes)
Event: 1.374 Thread 0x0000000019605800 nmethod 1627 0x0000000004fec910 code [0x0000000004fecae0, 0x0000000004fed210]
Event: 1.374 Thread 0x0000000019605800 1644       4       org.jetbrains.kotlin.com.intellij.openapi.vfs.impl.ZipEntryMap::get (82 bytes)
Event: 1.388 Thread 0x0000000019605800 nmethod 1644 0x0000000004feec90 code [0x0000000004feee20, 0x0000000004fef7d8]
Event: 1.388 Thread 0x0000000019605800 1647       4       java.lang.String::startsWith (72 bytes)
Event: 1.389 Thread 0x0000000019605800 nmethod 1647 0x0000000004ff0590 code [0x0000000004ff06e0, 0x0000000004ff0818]
Event: 1.389 Thread 0x0000000019605800 1650       4       org.jetbrains.kotlin.com.intellij.openapi.vfs.impl.ZipEntryMap::put (80 bytes)

GC Heap History (6 events):
Event: 0.545 GC heap before
{Heap before GC invocations=1 (full 0):
 PSYoungGen      total 37888K, used 32768K [0x00000000d6000000, 0x00000000d8a00000, 0x0000000100000000)
  eden space 32768K, 100% used [0x00000000d6000000,0x00000000d8000000,0x00000000d8000000)
  from space 5120K, 0% used [0x00000000d8500000,0x00000000d8500000,0x00000000d8a00000)
  to   space 5120K, 0% used [0x00000000d8000000,0x00000000d8000000,0x00000000d8500000)
 ParOldGen       total 86016K, used 0K [0x0000000082000000, 0x0000000087400000, 0x00000000d6000000)
  object space 86016K, 0% used [0x0000000082000000,0x0000000082000000,0x0000000087400000)
 Metaspace       used 9212K, capacity 9972K, committed 10112K, reserved 1058816K
  class space    used 1033K, capacity 1072K, committed 1152K, reserved 1048576K
Event: 0.552 GC heap after
Heap after GC invocations=1 (full 0):
 PSYoungGen      total 37888K, used 5106K [0x00000000d6000000, 0x00000000daa00000, 0x0000000100000000)
  eden space 32768K, 0% used [0x00000000d6000000,0x00000000d6000000,0x00000000d8000000)
  from space 5120K, 99% used [0x00000000d8000000,0x00000000d84fcaa0,0x00000000d8500000)
  to   space 5120K, 0% used [0x00000000da500000,0x00000000da500000,0x00000000daa00000)
 ParOldGen       total 86016K, used 2858K [0x0000000082000000, 0x0000000087400000, 0x00000000d6000000)
  object space 86016K, 3% used [0x0000000082000000,0x00000000822caa20,0x0000000087400000)
 Metaspace       used 9212K, capacity 9972K, committed 10112K, reserved 1058816K
  class space    used 1033K, capacity 1072K, committed 1152K, reserved 1048576K
}
Event: 0.816 GC heap before
{Heap before GC invocations=2 (full 0):
 PSYoungGen      total 37888K, used 22293K [0x00000000d6000000, 0x00000000daa00000, 0x0000000100000000)
  eden space 32768K, 52% used [0x00000000d6000000,0x00000000d70c8bb8,0x00000000d8000000)
  from space 5120K, 99% used [0x00000000d8000000,0x00000000d84fcaa0,0x00000000d8500000)
  to   space 5120K, 0% used [0x00000000da500000,0x00000000da500000,0x00000000daa00000)
 ParOldGen       total 86016K, used 2858K [0x0000000082000000, 0x0000000087400000, 0x00000000d6000000)
  object space 86016K, 3% used [0x0000000082000000,0x00000000822caa20,0x0000000087400000)
 Metaspace       used 13324K, capacity 13562K, committed 13696K, reserved 1067008K
  class space    used 1536K, capacity 1587K, committed 1664K, reserved 1048576K
Event: 0.823 GC heap after
Heap after GC invocations=2 (full 0):
 PSYoungGen      total 70656K, used 5112K [0x00000000d6000000, 0x00000000daa00000, 0x0000000100000000)
  eden space 65536K, 0% used [0x00000000d6000000,0x00000000d6000000,0x00000000da000000)
  from space 5120K, 99% used [0x00000000da500000,0x00000000da9fe098,0x00000000daa00000)
  to   space 5120K, 0% used [0x00000000da000000,0x00000000da000000,0x00000000da500000)
 ParOldGen       total 86016K, used 4278K [0x0000000082000000, 0x0000000087400000, 0x00000000d6000000)
  object space 86016K, 4% used [0x0000000082000000,0x000000008242d8b8,0x0000000087400000)
 Metaspace       used 13324K, capacity 13562K, committed 13696K, reserved 1067008K
  class space    used 1536K, capacity 1587K, committed 1664K, reserved 1048576K
}
Event: 0.823 GC heap before
{Heap before GC invocations=3 (full 1):
 PSYoungGen      total 70656K, used 5112K [0x00000000d6000000, 0x00000000daa00000, 0x0000000100000000)
  eden space 65536K, 0% used [0x00000000d6000000,0x00000000d6000000,0x00000000da000000)
  from space 5120K, 99% used [0x00000000da500000,0x00000000da9fe098,0x00000000daa00000)
  to   space 5120K, 0% used [0x00000000da000000,0x00000000da000000,0x00000000da500000)
 ParOldGen       total 86016K, used 4278K [0x0000000082000000, 0x0000000087400000, 0x00000000d6000000)
  object space 86016K, 4% used [0x0000000082000000,0x000000008242d8b8,0x0000000087400000)
 Metaspace       used 13324K, capacity 13562K, committed 13696K, reserved 1067008K
  class space    used 1536K, capacity 1587K, committed 1664K, reserved 1048576K
Event: 0.850 GC heap after
Heap after GC invocations=3 (full 1):
 PSYoungGen      total 70656K, used 0K [0x00000000d6000000, 0x00000000daa00000, 0x0000000100000000)
  eden space 65536K, 0% used [0x00000000d6000000,0x00000000d6000000,0x00000000da000000)
  from space 5120K, 0% used [0x00000000da500000,0x00000000da500000,0x00000000daa00000)
  to   space 5120K, 0% used [0x00000000da000000,0x00000000da000000,0x00000000da500000)
 ParOldGen       total 64512K, used 6356K [0x0000000082000000, 0x0000000085f00000, 0x00000000d6000000)
  object space 64512K, 9% used [0x0000000082000000,0x0000000082635300,0x0000000085f00000)
 Metaspace       used 13324K, capacity 13562K, committed 13696K, reserved 1064960K
  class space    used 1536K, capacity 1587K, committed 1664K, reserved 1048576K
}

Deoptimization events (10 events):
Event: 0.768 Thread 0x0000000004a13800 Uncommon trap: reason=class_check action=maybe_recompile pc=0x0000000004df7f80 method=java.util.Collections$UnmodifiableCollection.size()I @ 4
Event: 0.768 Thread 0x0000000004a13800 Uncommon trap: reason=class_check action=maybe_recompile pc=0x0000000004e2b16c method=java.util.Collections$UnmodifiableList.get(I)Ljava/lang/Object; @ 5
Event: 0.770 Thread 0x0000000004a13800 Uncommon trap: reason=class_check action=maybe_recompile pc=0x0000000004df7f80 method=java.util.Collections$UnmodifiableCollection.size()I @ 4
Event: 0.770 Thread 0x0000000004a13800 Uncommon trap: reason=class_check action=maybe_recompile pc=0x0000000004e2b16c method=java.util.Collections$UnmodifiableList.get(I)Ljava/lang/Object; @ 5
Event: 0.803 Thread 0x0000000004a13800 Uncommon trap: reason=unstable_if action=reinterpret pc=0x0000000004ebaa14 method=java.util.HashMap.hash(Ljava/lang/Object;)I @ 1
Event: 1.045 Thread 0x0000000004a13800 Uncommon trap: reason=range_check action=make_not_entrant pc=0x0000000004e61920 method=sun.reflect.generics.parser.SignatureParser.current()C @ 34
Event: 1.208 Thread 0x0000000004a13800 Uncommon trap: reason=class_check action=maybe_recompile pc=0x0000000004e2b16c method=java.util.Collections$UnmodifiableList.get(I)Ljava/lang/Object; @ 5
Event: 1.209 Thread 0x0000000004a13800 Uncommon trap: reason=unstable_if action=reinterpret pc=0x0000000004f6bfb0 method=java.lang.String.startsWith(Ljava/lang/String;I)Z @ 25
Event: 1.210 Thread 0x0000000004a13800 Uncommon trap: reason=unstable_if action=reinterpret pc=0x0000000004c71648 method=java.lang.String.startsWith(Ljava/lang/String;I)Z @ 25
Event: 1.318 Thread 0x0000000004a13800 Uncommon trap: reason=unstable_if action=reinterpret pc=0x0000000004e58ee4 method=java.lang.String.<init>([CII)V @ 18

Classes redefined (0 events):
No events

Internal exceptions (10 events):
Event: 0.238 Thread 0x0000000004a13800 Exception <a 'java/security/PrivilegedActionException'> (0x00000000d6abc658) thrown at [D:\src\AOSP-openjdk-cygwin\jdk8u\hotspot\src\share\vm\prims\jvm.cpp, line 1390]
Event: 0.465 Thread 0x0000000004a13800 Exception <a 'java/lang/ArrayIndexOutOfBoundsException'> (0x00000000d7ab3768) thrown at [D:\src\AOSP-openjdk-cygwin\jdk8u\hotspot\src\share\vm\runtime\sharedRuntime.cpp, line 605]
Event: 0.572 Thread 0x0000000004a13800 Exception <a 'java/lang/ArrayIndexOutOfBoundsException'> (0x00000000d6186618) thrown at [D:\src\AOSP-openjdk-cygwin\jdk8u\hotspot\src\share\vm\runtime\sharedRuntime.cpp, line 605]
Event: 0.758 Thread 0x0000000004a13800 Exception <a 'java/lang/NoSuchFieldError': method resolution failed> (0x00000000d6d66908) thrown at [D:\src\AOSP-openjdk-cygwin\jdk8u\hotspot\src\share\vm\prims\methodHandles.cpp, line 1167]
Event: 0.759 Thread 0x0000000004a13800 Exception <a 'java/lang/NoSuchFieldError': method resolution failed> (0x00000000d6d73e10) thrown at [D:\src\AOSP-openjdk-cygwin\jdk8u\hotspot\src\share\vm\prims\methodHandles.cpp, line 1167]
Event: 0.803 Thread 0x0000000004a13800 Implicit null exception at 0x0000000004eba3bb to 0x0000000004eba9f9
Event: 0.959 Thread 0x0000000004a13800 Exception <a 'java/lang/NoSuchMethodError': java.lang.Object.lambda$comparing$77a9974f$1(Ljava/util/function/Function;Ljava/lang/Object;Ljava/lang/Object;)I> (0x00000000d69901e8) thrown at [D:\src\AOSP-openjdk-cygwin\jdk8u\hotspot\src\share\vm\interpreter
Event: 1.045 Thread 0x0000000004a13800 Exception <a 'java/lang/ArrayIndexOutOfBoundsException': 67> (0x00000000d6ebfe20) thrown at [D:\src\AOSP-openjdk-cygwin\jdk8u\hotspot\src\share\vm\interpreter\interpreterRuntime.cpp, line 366]
Event: 1.179 Thread 0x0000000004a13800 Exception <a 'java/lang/NoSuchMethodError': java.lang.Object.lambda$static$0(I)[Lorg/jetbrains/kotlin/com/intellij/openapi/editor/event/DocumentListener;> (0x00000000d76ffdf8) thrown at [D:\src\AOSP-openjdk-cygwin\jdk8u\hotspot\src\share\vm\interpreter\li
Event: 1.199 Thread 0x0000000004a13800 Exception <a 'java/lang/NoSuchMethodError': java.lang.Object.lambda$static$0(I)[Lorg/jetbrains/kotlin/com/intellij/psi/PsiAnnotation;> (0x00000000d78c77c8) thrown at [D:\src\AOSP-openjdk-cygwin\jdk8u\hotspot\src\share\vm\interpreter\linkResolver.cpp, line

Events (10 events):
Event: 1.306 loading class java/util/AbstractMap$SimpleEntry done
Event: 1.308 loading class java/util/zip/ZipUtils
Event: 1.308 loading class java/util/zip/ZipUtils done
Event: 1.318 Thread 0x0000000004a13800 Uncommon trap: trap_request=0xffffff65 fr.pc=0x0000000004e58ee4
Event: 1.318 Thread 0x0000000004a13800 DEOPT PACKING pc=0x0000000004e58ee4 sp=0x0000000004a0e3e0
Event: 1.318 Thread 0x0000000004a13800 DEOPT UNPACKING pc=0x0000000004b5557b sp=0x0000000004a0e350 mode 2
Event: 1.335 Thread 0x0000000004a13800 DEOPT PACKING pc=0x0000000004fb17da sp=0x0000000004a0e210
Event: 1.335 Thread 0x0000000004a13800 DEOPT UNPACKING pc=0x0000000004b575d0 sp=0x0000000004a0e090 mode 0
Event: 1.337 Thread 0x0000000004a13800 DEOPT PACKING pc=0x0000000004fb17da sp=0x0000000004a0e210
Event: 1.337 Thread 0x0000000004a13800 DEOPT UNPACKING pc=0x0000000004b575d0 sp=0x0000000004a0e090 mode 0


Dynamic libraries:
0x00007ff613120000 - 0x00007ff613151000 	C:\Program Files\Android\Android Studio\jre\jre\bin\java.exe
0x00007ffd79580000 - 0x00007ffd79760000 	C:\Windows\SYSTEM32\ntdll.dll
0x00007ffd76a50000 - 0x00007ffd76afe000 	C:\Windows\System32\KERNEL32.DLL
0x00007ffd759d0000 - 0x00007ffd75c36000 	C:\Windows\System32\KERNELBASE.dll
0x00007ffd78c10000 - 0x00007ffd78cb1000 	C:\Windows\System32\ADVAPI32.dll
0x00007ffd793d0000 - 0x00007ffd7946d000 	C:\Windows\System32\msvcrt.dll
0x00007ffd78960000 - 0x00007ffd789bb000 	C:\Windows\System32\sechost.dll
0x00007ffd78cc0000 - 0x00007ffd78ddf000 	C:\Windows\System32\RPCRT4.dll
0x00007ffd78610000 - 0x00007ffd7879f000 	C:\Windows\System32\USER32.dll
0x00007ffd75d90000 - 0x00007ffd75db0000 	C:\Windows\System32\win32u.dll
0x00007ffd78890000 - 0x00007ffd788b8000 	C:\Windows\System32\GDI32.dll
0x00007ffd76830000 - 0x00007ffd769c3000 	C:\Windows\System32\gdi32full.dll
0x00007ffd75cf0000 - 0x00007ffd75d8b000 	C:\Windows\System32\msvcp_win.dll
0x00007ffd75f80000 - 0x00007ffd76075000 	C:\Windows\System32\ucrtbase.dll
0x00007ffd5ba60000 - 0x00007ffd5bcc9000 	C:\Windows\WinSxS\amd64_microsoft.windows.common-controls_6595b64144ccf1df_6.0.16299.665_none_15cbd8769361ff10\COMCTL32.dll
0x00007ffd78f80000 - 0x00007ffd79287000 	C:\Windows\System32\combase.dll
0x00007ffd769d0000 - 0x00007ffd76a42000 	C:\Windows\System32\bcryptPrimitives.dll
0x00007ffd78860000 - 0x00007ffd7888d000 	C:\Windows\System32\IMM32.DLL
0x00000000570f0000 - 0x00000000571c2000 	C:\Program Files\Android\Android Studio\jre\jre\bin\msvcr100.dll
0x0000000056050000 - 0x0000000056891000 	C:\Program Files\Android\Android Studio\jre\jre\bin\server\jvm.dll
0x00007ffd793c0000 - 0x00007ffd793c8000 	C:\Windows\System32\PSAPI.DLL
0x00007ffd739c0000 - 0x00007ffd739e3000 	C:\Windows\SYSTEM32\WINMM.dll
0x00007ffd73a80000 - 0x00007ffd73a89000 	C:\Windows\SYSTEM32\WSOCK32.dll
0x00007ffd788d0000 - 0x00007ffd7893c000 	C:\Windows\System32\WS2_32.dll
0x00007ffd73c70000 - 0x00007ffd73c7a000 	C:\Windows\SYSTEM32\VERSION.dll
0x00007ffd73960000 - 0x00007ffd7398a000 	C:\Windows\SYSTEM32\WINMMBASE.dll
0x00007ffd75980000 - 0x00007ffd759ca000 	C:\Windows\System32\cfgmgr32.dll
0x00007ffd73a70000 - 0x00007ffd73a7f000 	C:\Program Files\Android\Android Studio\jre\jre\bin\verify.dll
0x00007ffd6ae30000 - 0x00007ffd6ae59000 	C:\Program Files\Android\Android Studio\jre\jre\bin\java.dll
0x00007ffd72430000 - 0x00007ffd72446000 	C:\Program Files\Android\Android Studio\jre\jre\bin\zip.dll
0x00007ffd76b00000 - 0x00007ffd77f38000 	C:\Windows\System32\SHELL32.dll
0x00007ffd787a0000 - 0x00007ffd78846000 	C:\Windows\System32\shcore.dll
0x00007ffd76080000 - 0x00007ffd767c7000 	C:\Windows\System32\windows.storage.dll
0x00007ffd79290000 - 0x00007ffd792e1000 	C:\Windows\System32\shlwapi.dll
0x00007ffd758d0000 - 0x00007ffd758e1000 	C:\Windows\System32\kernel.appcore.dll
0x00007ffd75930000 - 0x00007ffd7597c000 	C:\Windows\System32\powrprof.dll
0x00007ffd758f0000 - 0x00007ffd7590b000 	C:\Windows\System32\profapi.dll
0x00007ffd71a40000 - 0x00007ffd71a5a000 	C:\Program Files\Android\Android Studio\jre\jre\bin\net.dll
0x00007ffd75160000 - 0x00007ffd751c6000 	C:\Windows\system32\mswsock.dll
0x00007ffd6add0000 - 0x00007ffd6ade1000 	C:\Program Files\Android\Android Studio\jre\jre\bin\nio.dll

VM Arguments:
java_command: org.jetbrains.kotlin.cli.jvm.K2JVMCompiler -Xadd-compiler-builtins -Xbuild-file=C:\Users\VLSV__~1\AppData\Local\Temp\kjps4810050766501568412app_debug.script.xml -classpath C:\Users\vlsv__000\.gradle\caches\modules-2\files-2.1\org.jetbrains.kotlin\kotlin-stdlib-jdk7\1.3.0\683e04a4e7f17437d7e1390480f312e122e42e9e\kotlin-stdlib-jdk7-1.3.0.jar;C:\Users\vlsv__000\.gradle\caches\transforms-1\files-1.1\design-27.1.1.aar\39c352fe3a744e5d0c7bd96209fac6cb\jars\classes.jar;C:\Users\vlsv__000\.gradle\caches\transforms-1\files-1.1\appcompat-v7-27.1.1.aar\ca57f7e530974247eeeb33d34a7ddd4e\jars\classes.jar;C:\Users\vlsv__000\.gradle\caches\transforms-1\files-1.1\constraint-layout-1.1.3.aar\3709897e4e21de2675e97ffa25de8baf\jars\classes.jar;C:\Users\vlsv__000\.gradle\caches\transforms-1\files-1.1\support-v4-27.1.1.aar\c15996a12088d5646faf99262cd5a2e6\jars\classes.jar;C:\Users\vlsv__000\.gradle\caches\modules-2\files-2.1\org.jetbrains.kotlin\kotlin-stdlib\1.3.0\a134b0cfe9bb44f98b0b3e889cda07923eea9428\kotlin-stdlib-1.3.0.jar;C:\Users\vlsv__000\.gradle\caches\transforms-1\files-1.1\support-fragment-27.1.1.aar\d820fb020d58216c7b6054e809984093\jars\classes.jar;C:\Users\vlsv__000\.gradle\caches\transforms-1\files-1.1\animated-vector-drawable-27.1.1.aar\b424c39fabe8a6e8368a6e3c99461636\jars\classes.jar;C:\Users\vlsv__000\.gradle\caches\transforms-1\files-1.1\recyclerview-v7-27.1.1.aar\e18285dcc828fe7c9cc22002627d0391\jars\classes.jar;C:\Users\vlsv__000\.gradle\caches\transforms-1\files-1.1\support-core-ui-27.1.1.aar\968c67187ef6afb0ba47d5ab46504253\jars\classes.jar;C:\Users\vlsv__000\.gradle\caches\transforms-1\files-1.1\support-core-utils-27.1.1.aar\f63ba6c3e66f2fd8560a9021738f5673\jars\classes.jar;C:\Users\vlsv__000\.gradle\caches\transforms-1\files-1.1\support-vector-drawable-27.1.1.aar\8778fe9ff22e79e4a2a05ff6a0e4d5d4\jars\classes.jar;C:\Users\vlsv__000\.gradle\caches\transforms-1\files-1.1\support-media-compat-27.1.1.aar\4019e0a5b0fe84f9f9b9cab51710a1ca\jars\classes.ja
java_class_path (initial): C:\Users\vlsv__000\.gradle\caches\modules-2\files-2.1\org.jetbrains.kotlin\kotlin-compiler-embeddable\1.3.0\6e8167f9aab0f6cfec309c2722f72dc26572a782\kotlin-compiler-embeddable-1.3.0.jar;C:\Users\vlsv__000\.gradle\caches\modules-2\files-2.1\org.jetbrains.kotlin\kotlin-reflect\1.3.0\6fd129fd9ba8581f2cb9c58bfd431dda4ee0457e\kotlin-reflect-1.3.0.jar;C:\Users\vlsv__000\.gradle\caches\modules-2\files-2.1\org.jetbrains.kotlin\kotlin-stdlib\1.3.0\a134b0cfe9bb44f98b0b3e889cda07923eea9428\kotlin-stdlib-1.3.0.jar;C:\Users\vlsv__000\.gradle\caches\modules-2\files-2.1\org.jetbrains.kotlin\kotlin-script-runtime\1.3.0\c7173ea6208fa189fb56d679624fbc5e2026187f\kotlin-script-runtime-1.3.0.jar;C:\Users\vlsv__000\.gradle\caches\modules-2\files-2.1\org.jetbrains.kotlin\kotlin-stdlib-common\1.3.0\84a2e0288dc17cd64d692eb1e5e0de8cd5ff0846\kotlin-stdlib-common-1.3.0.jar;C:\Users\vlsv__000\.gradle\caches\modules-2\files-2.1\org.jetbrains\annotations\13.0\919f0dfe192fb4e063e7dacadee7f8bb9a2672a9\annotations-13.0.jar;C:\Program Files\Android\Android Studio\jre\lib\tools.jar
Launcher Type: SUN_STANDARD

Environment Variables:
PATH=C:\ProgramData\Oracle\Java\javapath;C:\Program Files (x86)\NVIDIA Corporation\PhysX\Common;C:\Program Files (x86)\Intel\iCLS Client\;C:\Program Files\Intel\iCLS Client\;C:\Windows\system32;C:\Windows;C:\Windows\System32\Wbem;C:\Windows\System32\WindowsPowerShell\v1.0\;C:\Program Files\Intel\Intel(R) Management Engine Components\DAL;C:\Program Files\Intel\Intel(R) Management Engine Components\IPT;C:\Program Files (x86)\Intel\Intel(R) Management Engine Components\DAL;C:\Program Files (x86)\Intel\Intel(R) Management Engine Components\IPT;C:\Program Files (x86)\Common Files\lenovo\easyplussdk\bin;C:\Program Files (x86)\OneScript\\bin;C:\Program Files (x86)\LM4\;C:\Program Files\LM4\;C:\Users\vlsv__000\AppData\Local\Microsoft\WindowsApps;C:\Users\vlsv__000\AppData\Local\Programs\Git\cmd
USERNAME=vlsv__000
OS=Windows_NT
PROCESSOR_IDENTIFIER=Intel64 Family 6 Model 60 Stepping 3, GenuineIntel



---------------  S Y S T E M  ---------------

OS: Windows 10.0 , 64 bit Build 16299 (10.0.16299.431)

CPU:total 4 (initial active 4) (2 cores per cpu, 2 threads per core) family 6 model 60 stepping 3, cmov, cx8, fxsr, mmx, sse, sse2, sse3, ssse3, sse4.1, sse4.2, popcnt, avx, avx2, aes, clmul, erms, lzcnt, ht, tsc, tscinvbit, bmi1, bmi2

Memory: 4k page, physical 8257456k(720504k free), swap 12353456k(3216k free)

vm_info: OpenJDK 64-Bit Server VM (25.152-b06) for windows-amd64 JRE (1.8.0_152-release-1136-b06), built by "builder" with MS VC++ 10.0 (VS2010)

time: Mon Nov 19 21:32:21 2018
elapsed time: 1 seconds (0d 0h 0m 1s)

