#
# There is insufficient memory for the Java Runtime Environment to continue.
# Native memory allocation (malloc) failed to allocate 436176 bytes for Chunk::new
# Possible reasons:
#   The system is out of physical RAM or swap space
#   In 32 bit mode, the process size limit was hit
# Possible solutions:
#   Reduce memory load on the system
#   Increase physical memory or swap space
#   Check if swap backing store is full
#   Use 64 bit Java on a 64 bit OS
#   Decrease Java heap size (-Xmx/-Xms)
#   Decrease number of Java threads
#   Decrease Java thread stack sizes (-Xss)
#   Set larger code cache with -XX:ReservedCodeCacheSize=
# This output file may be truncated or incomplete.
#
#  Out of Memory Error (allocation.cpp:390), pid=19532, tid=0x0000000000003c24
#
# JRE version: OpenJDK Runtime Environment (8.0_152-b06) (build 1.8.0_152-release-1136-b06)
# Java VM: OpenJDK 64-Bit Server VM (25.152-b06 mixed mode windows-amd64 compressed oops)
# Failed to write core dump. Minidumps are not enabled by default on client versions of Windows
#

---------------  T H R E A D  ---------------

Current thread (0x0000000018893000):  JavaThread "C2 CompilerThread1" daemon [_thread_in_native, id=15396, stack(0x000000001a0f0000,0x000000001a1f0000)]

Stack: [0x000000001a0f0000,0x000000001a1f0000]
[error occurred during error reporting (printing stack bounds), id 0xc0000005]

Native frames: (J=compiled Java code, j=interpreted, Vv=VM code, C=native code)


Current CompileTask:
C2: 551929 9137       4       java.io.WinNTFileSystem::normalize (231 bytes)


---------------  P R O C E S S  ---------------

Java Threads: ( => current thread )
  0x0000000020fce800 JavaThread "Cache worker for file content cache (E:\Android_Code\hw04\.gradle\4.6\fileContent)" [_thread_blocked, id=9048, stack(0x0000000028bc0000,0x0000000028cc0000)]
  0x0000000020fcf000 JavaThread "Build operations Thread 4" [_thread_blocked, id=9540, stack(0x0000000028ac0000,0x0000000028bc0000)]
  0x000000002165c800 JavaThread "Build operations Thread 3" [_thread_blocked, id=7884, stack(0x00000000289c0000,0x0000000028ac0000)]
  0x000000002165b800 JavaThread "Build operations Thread 2" [_thread_blocked, id=19300, stack(0x00000000288c0000,0x00000000289c0000)]
  0x000000002165b000 JavaThread "Build operations" [_thread_blocked, id=9596, stack(0x00000000287c0000,0x00000000288c0000)]
  0x000000002165a000 JavaThread "Cache worker for Artifact transforms cache (C:\Users\vlsv__000\.gradle\caches\transforms-1)" [_thread_blocked, id=12644, stack(0x00000000286c0000,0x00000000287c0000)]
  0x0000000021652800 JavaThread "Cache worker for file hash cache (E:\Android_Code\hw04\.gradle\4.6\fileHashes)" [_thread_blocked, id=14188, stack(0x00000000285c0000,0x00000000286c0000)]
  0x0000000021659800 JavaThread "Stdin handler" [_thread_blocked, id=14116, stack(0x00000000284c0000,0x00000000285c0000)]
  0x0000000021652000 JavaThread "Asynchronous log dispatcher for DefaultDaemonConnection: socket connection from /127.0.0.1:60986 to /127.0.0.1:61290" [_thread_blocked, id=832, stack(0x00000000283c0000,0x00000000284c0000)]
  0x0000000021658800 JavaThread "Daemon worker Thread 2" [_thread_in_Java, id=4380, stack(0x00000000282c0000,0x00000000283c0000)]
  0x0000000021650800 JavaThread "Cancel handler" [_thread_blocked, id=19640, stack(0x00000000281c0000,0x00000000282c0000)]
  0x000000002164f800 JavaThread "Handler for socket connection from /127.0.0.1:60986 to /127.0.0.1:61290" [_thread_in_native, id=20260, stack(0x00000000280c0000,0x00000000281c0000)]
  0x000000002164f000 JavaThread "Daemon Thread 2" [_thread_blocked, id=17752, stack(0x0000000027fc0000,0x00000000280c0000)]
  0x0000000021653800 JavaThread "pool-1-thread-1" [_thread_blocked, id=5996, stack(0x0000000026cf0000,0x0000000026df0000)]
  0x0000000021655800 JavaThread "RMI Reaper" [_thread_blocked, id=14836, stack(0x00000000266f0000,0x00000000267f0000)]
  0x0000000021658000 JavaThread "RMI TCP Accept-0" daemon [_thread_in_native, id=17888, stack(0x00000000265f0000,0x00000000266f0000)]
  0x0000000021657000 JavaThread "GC Daemon" daemon [_thread_blocked, id=5260, stack(0x00000000264f0000,0x00000000265f0000)]
  0x0000000021655000 JavaThread "RMI Scheduler(0)" daemon [_thread_blocked, id=19552, stack(0x00000000262f0000,0x00000000263f0000)]
  0x0000000020fcd800 JavaThread "Memory manager" [_thread_blocked, id=1020, stack(0x0000000023e40000,0x0000000023f40000)]
  0x000000001be74800 JavaThread "File lock request listener" [_thread_in_native, id=16024, stack(0x000000001d440000,0x000000001d540000)]
  0x000000001bc9a000 JavaThread "Cache worker for file hash cache (C:\Users\vlsv__000\.gradle\caches\4.6\fileHashes)" [_thread_blocked, id=12760, stack(0x000000001d340000,0x000000001d440000)]
  0x000000001ba1f800 JavaThread "Daemon periodic checks" [_thread_blocked, id=7052, stack(0x000000001c840000,0x000000001c940000)]
  0x000000001b897800 JavaThread "Incoming local TCP Connector on port 60986" [_thread_in_native, id=16792, stack(0x000000001c600000,0x000000001c700000)]
  0x000000001a320800 JavaThread "Service Thread" daemon [_thread_blocked, id=16812, stack(0x000000001a6f0000,0x000000001a7f0000)]
  0x000000001889c800 JavaThread "C1 CompilerThread2" daemon [_thread_in_native, id=6832, stack(0x000000001a1f0000,0x000000001a2f0000)]
=>0x0000000018893000 JavaThread "C2 CompilerThread1" daemon [_thread_in_native, id=15396, stack(0x000000001a0f0000,0x000000001a1f0000)]
  0x000000001888f000 JavaThread "C2 CompilerThread0" daemon [_thread_in_native, id=13220, stack(0x0000000019ff0000,0x000000001a0f0000)]
  0x000000001888d800 JavaThread "Attach Listener" daemon [_thread_blocked, id=8164, stack(0x0000000019ef0000,0x0000000019ff0000)]
  0x0000000018889800 JavaThread "Signal Dispatcher" daemon [_thread_blocked, id=13452, stack(0x0000000019df0000,0x0000000019ef0000)]
  0x0000000004e4c000 JavaThread "Finalizer" daemon [_thread_blocked, id=19588, stack(0x0000000019af0000,0x0000000019bf0000)]
  0x0000000004e40800 JavaThread "Reference Handler" daemon [_thread_blocked, id=11856, stack(0x00000000199f0000,0x0000000019af0000)]
  0x0000000004f1e000 JavaThread "main" [_thread_blocked, id=11372, stack(0x0000000004c10000,0x0000000004d10000)]

Other Threads:
  0x0000000018855800 VMThread [stack: 0x00000000198f0000,0x00000000199f0000] [id=12484]
  0x00000000188ec800 WatcherThread [stack: 0x000000001a7f0000,0x000000001a8f0000] [id=5304]

VM state:not at safepoint (normal execution)

VM Mutex/Monitor currently owned by a thread:  ([mutex/lock_event])
[0x0000000004f1c3b0] CodeCache_lock - owner thread: 0x000000001888f000

Heap:
 PSYoungGen      total 244224K, used 109896K [0x00000000e0000000, 0x00000000f1180000, 0x0000000100000000)
  eden space 230400K, 41% used [0x00000000e0000000,0x00000000e5e1b6f0,0x00000000ee100000)
  from space 13824K, 97% used [0x00000000f0400000,0x00000000f1136c20,0x00000000f1180000)
  to   space 22528K, 0% used [0x00000000ee580000,0x00000000ee580000,0x00000000efb80000)
 ParOldGen       total 129024K, used 34904K [0x00000000a0000000, 0x00000000a7e00000, 0x00000000e0000000)
  object space 129024K, 27% used [0x00000000a0000000,0x00000000a2216158,0x00000000a7e00000)
 Metaspace       used 69346K, capacity 71492K, committed 71704K, reserved 1112064K
  class space    used 9272K, capacity 9739K, committed 9776K, reserved 1048576K

Card table byte_map: [0x00000000142e0000,0x00000000145f0000] byte_map_base: 0x0000000013de0000

Marking Bits: (ParMarkBitMap*) 0x0000000056815aa0
 Begin Bits: [0x0000000014bf0000, 0x00000000163f0000)
 End Bits:   [0x00000000163f0000, 0x0000000017bf0000)

Polling page: 0x0000000004d10000

CodeCache: size=245760Kb used=24305Kb max_used=24396Kb free=221454Kb
 bounds [0x0000000004f20000, 0x0000000006710000, 0x0000000013f20000]
 total_blobs=8662 nmethods=7828 adapters=745
 compilation: enabled

Compilation events (10 events):
Event: 551.856 Thread 0x000000001889c800 nmethod 9175 0x00000000052373d0 code [0x0000000005237540, 0x0000000005237890]
Event: 551.856 Thread 0x000000001889c800 9176       3       org.gradle.api.internal.artifacts.configurations.DefaultConfigurationPublications::convertToOutgoingVariant (9 bytes)
Event: 551.856 Thread 0x000000001889c800 nmethod 9176 0x000000000574d850 code [0x000000000574d9c0, 0x000000000574dc30]
Event: 551.856 Thread 0x000000001889c800 9177       3       org.gradle.api.internal.artifacts.configurations.DefaultConfigurationPublications$1::<init> (10 bytes)
Event: 551.856 Thread 0x000000001889c800 nmethod 9177 0x00000000059d3dd0 code [0x00000000059d3f20, 0x00000000059d40f0]
Event: 551.856 Thread 0x000000001889c800 9178       3       org.gradle.api.internal.artifacts.configurations.DefaultConfigurationPublications$1::getArtifacts (8 bytes)
Event: 551.856 Thread 0x000000001889c800 nmethod 9178 0x000000000516d710 code [0x000000000516d860, 0x000000000516d9d0]
Event: 551.856 Thread 0x000000001889c800 9180       1       org.gradle.api.internal.artifacts.ivyservice.resolveengine.graph.builder.RootNode::isSelected (2 bytes)
Event: 551.856 Thread 0x000000001889c800 nmethod 9180 0x000000000544b450 code [0x000000000544b5a0, 0x000000000544b6b0]
Event: 551.864 Thread 0x000000001889c800 9181       3       org.gradle.api.internal.tasks.DefaultTaskDependency::visitDependencies (815 bytes)

GC Heap History (10 events):
Event: 6.841 GC heap before
{Heap before GC invocations=11 (full 2):
 PSYoungGen      total 151040K, used 138240K [0x00000000e0000000, 0x00000000eeb00000, 0x0000000100000000)
  eden space 138240K, 100% used [0x00000000e0000000,0x00000000e8700000,0x00000000e8700000)
  from space 12800K, 0% used [0x00000000e9280000,0x00000000e9280000,0x00000000e9f00000)
  to   space 11776K, 0% used [0x00000000e8700000,0x00000000e8700000,0x00000000e9280000)
 ParOldGen       total 84480K, used 14118K [0x00000000a0000000, 0x00000000a5280000, 0x00000000e0000000)
  object space 84480K, 16% used [0x00000000a0000000,0x00000000a0dc9b20,0x00000000a5280000)
 Metaspace       used 43271K, capacity 44112K, committed 44328K, reserved 1087488K
  class space    used 5851K, capacity 6131K, committed 6192K, reserved 1048576K
Event: 6.857 GC heap after
Heap after GC invocations=11 (full 2):
 PSYoungGen      total 150016K, used 11771K [0x00000000e0000000, 0x00000000ed580000, 0x0000000100000000)
  eden space 138240K, 0% used [0x00000000e0000000,0x00000000e0000000,0x00000000e8700000)
  from space 11776K, 99% used [0x00000000e8700000,0x00000000e927ee00,0x00000000e9280000)
  to   space 14848K, 0% used [0x00000000ec700000,0x00000000ec700000,0x00000000ed580000)
 ParOldGen       total 84480K, used 18226K [0x00000000a0000000, 0x00000000a5280000, 0x00000000e0000000)
  object space 84480K, 21% used [0x00000000a0000000,0x00000000a11cca80,0x00000000a5280000)
 Metaspace       used 43271K, capacity 44112K, committed 44328K, reserved 1087488K
  class space    used 5851K, capacity 6131K, committed 6192K, reserved 1048576K
}
Event: 9.016 GC heap before
{Heap before GC invocations=12 (full 2):
 PSYoungGen      total 150016K, used 150011K [0x00000000e0000000, 0x00000000ed580000, 0x0000000100000000)
  eden space 138240K, 100% used [0x00000000e0000000,0x00000000e8700000,0x00000000e8700000)
  from space 11776K, 99% used [0x00000000e8700000,0x00000000e927ee00,0x00000000e9280000)
  to   space 14848K, 0% used [0x00000000ec700000,0x00000000ec700000,0x00000000ed580000)
 ParOldGen       total 84480K, used 18226K [0x00000000a0000000, 0x00000000a5280000, 0x00000000e0000000)
  object space 84480K, 21% used [0x00000000a0000000,0x00000000a11cca80,0x00000000a5280000)
 Metaspace       used 55282K, capacity 56922K, committed 57128K, reserved 1097728K
  class space    used 7523K, capacity 7948K, committed 7984K, reserved 1048576K
Event: 9.048 GC heap after
Heap after GC invocations=12 (full 2):
 PSYoungGen      total 198656K, used 14845K [0x00000000e0000000, 0x00000000edc80000, 0x0000000100000000)
  eden space 183808K, 0% used [0x00000000e0000000,0x00000000e0000000,0x00000000eb380000)
  from space 14848K, 99% used [0x00000000ec700000,0x00000000ed57f500,0x00000000ed580000)
  to   space 19968K, 0% used [0x00000000eb380000,0x00000000eb380000,0x00000000ec700000)
 ParOldGen       total 84480K, used 26926K [0x00000000a0000000, 0x00000000a5280000, 0x00000000e0000000)
  object space 84480K, 31% used [0x00000000a0000000,0x00000000a1a4bb08,0x00000000a5280000)
 Metaspace       used 55282K, capacity 56922K, committed 57128K, reserved 1097728K
  class space    used 7523K, capacity 7948K, committed 7984K, reserved 1048576K
}
Event: 10.258 GC heap before
{Heap before GC invocations=13 (full 2):
 PSYoungGen      total 198656K, used 81511K [0x00000000e0000000, 0x00000000edc80000, 0x0000000100000000)
  eden space 183808K, 36% used [0x00000000e0000000,0x00000000e411aab8,0x00000000eb380000)
  from space 14848K, 99% used [0x00000000ec700000,0x00000000ed57f500,0x00000000ed580000)
  to   space 19968K, 0% used [0x00000000eb380000,0x00000000eb380000,0x00000000ec700000)
 ParOldGen       total 84480K, used 26926K [0x00000000a0000000, 0x00000000a5280000, 0x00000000e0000000)
  object space 84480K, 31% used [0x00000000a0000000,0x00000000a1a4bb08,0x00000000a5280000)
 Metaspace       used 57499K, capacity 59132K, committed 59160K, reserved 1099776K
  class space    used 7825K, capacity 8223K, committed 8240K, reserved 1048576K
Event: 10.279 GC heap after
Heap after GC invocations=13 (full 2):
 PSYoungGen      total 203776K, used 19949K [0x00000000e0000000, 0x00000000f1a80000, 0x0000000100000000)
  eden space 183808K, 0% used [0x00000000e0000000,0x00000000e0000000,0x00000000eb380000)
  from space 19968K, 99% used [0x00000000eb380000,0x00000000ec6fb7a8,0x00000000ec700000)
  to   space 23040K, 0% used [0x00000000f0400000,0x00000000f0400000,0x00000000f1a80000)
 ParOldGen       total 84480K, used 27434K [0x00000000a0000000, 0x00000000a5280000, 0x00000000e0000000)
  object space 84480K, 32% used [0x00000000a0000000,0x00000000a1acaaf0,0x00000000a5280000)
 Metaspace       used 57499K, capacity 59132K, committed 59160K, reserved 1099776K
  class space    used 7825K, capacity 8223K, committed 8240K, reserved 1048576K
}
Event: 10.279 GC heap before
{Heap before GC invocations=14 (full 3):
 PSYoungGen      total 203776K, used 19949K [0x00000000e0000000, 0x00000000f1a80000, 0x0000000100000000)
  eden space 183808K, 0% used [0x00000000e0000000,0x00000000e0000000,0x00000000eb380000)
  from space 19968K, 99% used [0x00000000eb380000,0x00000000ec6fb7a8,0x00000000ec700000)
  to   space 23040K, 0% used [0x00000000f0400000,0x00000000f0400000,0x00000000f1a80000)
 ParOldGen       total 84480K, used 27434K [0x00000000a0000000, 0x00000000a5280000, 0x00000000e0000000)
  object space 84480K, 32% used [0x00000000a0000000,0x00000000a1acaaf0,0x00000000a5280000)
 Metaspace       used 57499K, capacity 59132K, committed 59160K, reserved 1099776K
  class space    used 7825K, capacity 8223K, committed 8240K, reserved 1048576K
Event: 10.496 GC heap after
Heap after GC invocations=14 (full 3):
 PSYoungGen      total 203776K, used 0K [0x00000000e0000000, 0x00000000f1a80000, 0x0000000100000000)
  eden space 183808K, 0% used [0x00000000e0000000,0x00000000e0000000,0x00000000eb380000)
  from space 19968K, 0% used [0x00000000eb380000,0x00000000eb380000,0x00000000ec700000)
  to   space 23040K, 0% used [0x00000000f0400000,0x00000000f0400000,0x00000000f1a80000)
 ParOldGen       total 129024K, used 34896K [0x00000000a0000000, 0x00000000a7e00000, 0x00000000e0000000)
  object space 129024K, 27% used [0x00000000a0000000,0x00000000a2214158,0x00000000a7e00000)
 Metaspace       used 57499K, capacity 59132K, committed 59160K, reserved 1099776K
  class space    used 7825K, capacity 8223K, committed 8240K, reserved 1048576K
}
Event: 25.883 GC heap before
{Heap before GC invocations=15 (full 3):
 PSYoungGen      total 203776K, used 183808K [0x00000000e0000000, 0x00000000f1a80000, 0x0000000100000000)
  eden space 183808K, 100% used [0x00000000e0000000,0x00000000eb380000,0x00000000eb380000)
  from space 19968K, 0% used [0x00000000eb380000,0x00000000eb380000,0x00000000ec700000)
  to   space 23040K, 0% used [0x00000000f0400000,0x00000000f0400000,0x00000000f1a80000)
 ParOldGen       total 129024K, used 34896K [0x00000000a0000000, 0x00000000a7e00000, 0x00000000e0000000)
  object space 129024K, 27% used [0x00000000a0000000,0x00000000a2214158,0x00000000a7e00000)
 Metaspace       used 65308K, capacity 67158K, committed 67480K, reserved 1107968K
  class space    used 8869K, capacity 9320K, committed 9392K, reserved 1048576K
Event: 25.896 GC heap after
Heap after GC invocations=15 (full 3):
 PSYoungGen      total 244224K, used 13531K [0x00000000e0000000, 0x00000000f1180000, 0x0000000100000000)
  eden space 230400K, 0% used [0x00000000e0000000,0x00000000e0000000,0x00000000ee100000)
  from space 13824K, 97% used [0x00000000f0400000,0x00000000f1136c20,0x00000000f1180000)
  to   space 22528K, 0% used [0x00000000ee580000,0x00000000ee580000,0x00000000efb80000)
 ParOldGen       total 129024K, used 34904K [0x00000000a0000000, 0x00000000a7e00000, 0x00000000e0000000)
  object space 129024K, 27% used [0x00000000a0000000,0x00000000a2216158,0x00000000a7e00000)
 Metaspace       used 65308K, capacity 67158K, committed 67480K, reserved 1107968K
  class space    used 8869K, capacity 9320K, committed 9392K, reserved 1048576K
}

Deoptimization events (10 events):
Event: 61.483 Thread 0x000000001ba1f800 Uncommon trap: reason=bimorphic action=maybe_recompile pc=0x00000000063b039c method=java.util.HashMap.removeNode(ILjava/lang/Object;Ljava/lang/Object;ZZ)Ljava/util/HashMap$Node; @ 283
Event: 61.495 Thread 0x000000001ba1f800 Uncommon trap: reason=bimorphic action=maybe_recompile pc=0x00000000063b039c method=java.util.HashMap.removeNode(ILjava/lang/Object;Ljava/lang/Object;ZZ)Ljava/util/HashMap$Node; @ 283
Event: 91.484 Thread 0x000000001ba1f800 Uncommon trap: reason=bimorphic action=maybe_recompile pc=0x00000000063b039c method=java.util.HashMap.removeNode(ILjava/lang/Object;Ljava/lang/Object;ZZ)Ljava/util/HashMap$Node; @ 283
Event: 91.485 Thread 0x000000001ba1f800 Uncommon trap: reason=bimorphic action=maybe_recompile pc=0x0000000005ef1df4 method=java.util.HashMap.removeNode(ILjava/lang/Object;Ljava/lang/Object;ZZ)Ljava/util/HashMap$Node; @ 283
Event: 550.959 Thread 0x000000001b897800 Uncommon trap: reason=class_check action=maybe_recompile pc=0x0000000006534898 method=sun.nio.ch.IOUtil.readIntoNativeBuffer(Ljava/io/FileDescriptor;Ljava/nio/ByteBuffer;JLsun/nio/ch/NativeDispatcher;)I @ 114
Event: 551.017 Thread 0x000000002164f800 Uncommon trap: reason=class_check action=maybe_recompile pc=0x0000000006534834 method=sun.nio.ch.IOUtil.read(Ljava/io/FileDescriptor;Ljava/nio/ByteBuffer;JLsun/nio/ch/NativeDispatcher;)I @ 1
Event: 551.017 Thread 0x000000002164f800 Uncommon trap: reason=class_check action=maybe_recompile pc=0x000000000652a560 method=sun.nio.ch.IOUtil.readIntoNativeBuffer(Ljava/io/FileDescriptor;Ljava/nio/ByteBuffer;JLsun/nio/ch/NativeDispatcher;)I @ 114
Event: 551.022 Thread 0x000000002164f800 Uncommon trap: reason=class_check action=maybe_recompile pc=0x0000000006534834 method=sun.nio.ch.IOUtil.read(Ljava/io/FileDescriptor;Ljava/nio/ByteBuffer;JLsun/nio/ch/NativeDispatcher;)I @ 1
Event: 551.032 Thread 0x000000002164f000 Uncommon trap: reason=unstable_if action=reinterpret pc=0x00000000065b5440 method=org.gradle.internal.logging.sink.OutputEventRenderer$4.onOutput(Lorg/gradle/internal/logging/events/OutputEvent;)V @ 7
Event: 551.745 Thread 0x0000000021658800 Uncommon trap: reason=unstable_if action=reinterpret pc=0x000000000652c3f0 method=sun.nio.ch.Util$BufferCache.get(I)Ljava/nio/ByteBuffer; @ 25

Classes redefined (0 events):
No events

Internal exceptions (10 events):
Event: 551.695 Thread 0x0000000021658800 Exception <a 'sun/nio/fs/WindowsException'> (0x00000000e55633a8) thrown at [D:\src\AOSP-openjdk-cygwin\jdk8u\hotspot\src\share\vm\prims\jni.cpp, line 709]
Event: 551.695 Thread 0x0000000021658800 Exception <a 'sun/nio/fs/WindowsException'> (0x00000000e5563ef0) thrown at [D:\src\AOSP-openjdk-cygwin\jdk8u\hotspot\src\share\vm\prims\jni.cpp, line 709]
Event: 551.695 Thread 0x0000000021658800 Exception <a 'sun/nio/fs/WindowsException'> (0x00000000e5566c08) thrown at [D:\src\AOSP-openjdk-cygwin\jdk8u\hotspot\src\share\vm\prims\jni.cpp, line 709]
Event: 551.695 Thread 0x0000000021658800 Exception <a 'sun/nio/fs/WindowsException'> (0x00000000e5567790) thrown at [D:\src\AOSP-openjdk-cygwin\jdk8u\hotspot\src\share\vm\prims\jni.cpp, line 709]
Event: 551.695 Thread 0x0000000021658800 Exception <a 'sun/nio/fs/WindowsException'> (0x00000000e5569358) thrown at [D:\src\AOSP-openjdk-cygwin\jdk8u\hotspot\src\share\vm\prims\jni.cpp, line 709]
Event: 551.695 Thread 0x0000000021658800 Exception <a 'sun/nio/fs/WindowsException'> (0x00000000e5569f18) thrown at [D:\src\AOSP-openjdk-cygwin\jdk8u\hotspot\src\share\vm\prims\jni.cpp, line 709]
Event: 551.710 Thread 0x0000000021658800 Exception <a 'sun/nio/fs/WindowsException'> (0x00000000e556d2a8) thrown at [D:\src\AOSP-openjdk-cygwin\jdk8u\hotspot\src\share\vm\prims\jni.cpp, line 709]
Event: 551.710 Thread 0x0000000021658800 Exception <a 'sun/nio/fs/WindowsException'> (0x00000000e556de90) thrown at [D:\src\AOSP-openjdk-cygwin\jdk8u\hotspot\src\share\vm\prims\jni.cpp, line 709]
Event: 551.710 Thread 0x0000000021658800 Exception <a 'sun/nio/fs/WindowsException'> (0x00000000e556faa8) thrown at [D:\src\AOSP-openjdk-cygwin\jdk8u\hotspot\src\share\vm\prims\jni.cpp, line 709]
Event: 551.710 Thread 0x0000000021658800 Exception <a 'sun/nio/fs/WindowsException'> (0x00000000e55706d0) thrown at [D:\src\AOSP-openjdk-cygwin\jdk8u\hotspot\src\share\vm\prims\jni.cpp, line 709]

Events (10 events):
Event: 551.847 Thread 0x000000001889c800 flushing nmethod 0x0000000005bc0710
Event: 551.850 Executing VM operation: RevokeBias
Event: 551.850 Executing VM operation: RevokeBias done
Event: 551.850 Executing VM operation: BulkRevokeBias
Event: 551.851 Executing VM operation: BulkRevokeBias done
Event: 551.852 Thread 0x000000001889c800 flushing nmethod 0x00000000060e66d0
Event: 551.854 Thread 0x000000001889c800 flushing nmethod 0x00000000063bae10
Event: 551.854 Thread 0x000000001889c800 flushing nmethod 0x00000000063f20d0
Event: 551.854 Thread 0x000000001889c800 flushing nmethod 0x0000000006401790
Event: 551.856 Thread 0x0000000020fce800 Thread added: 0x0000000020fce800


Dynamic libraries:
0x00007ff69af90000 - 0x00007ff69afc1000 	C:\Program Files\Android\Android Studio\jre\bin\java.exe
0x00007ffd79580000 - 0x00007ffd79760000 	C:\Windows\SYSTEM32\ntdll.dll
0x00007ffd76a50000 - 0x00007ffd76afe000 	C:\Windows\System32\KERNEL32.DLL
0x00007ffd759d0000 - 0x00007ffd75c36000 	C:\Windows\System32\KERNELBASE.dll
0x00007ffd78c10000 - 0x00007ffd78cb1000 	C:\Windows\System32\ADVAPI32.dll
0x00007ffd793d0000 - 0x00007ffd7946d000 	C:\Windows\System32\msvcrt.dll
0x00007ffd78960000 - 0x00007ffd789bb000 	C:\Windows\System32\sechost.dll
0x00007ffd78cc0000 - 0x00007ffd78ddf000 	C:\Windows\System32\RPCRT4.dll
0x00007ffd78610000 - 0x00007ffd7879f000 	C:\Windows\System32\USER32.dll
0x00007ffd75d90000 - 0x00007ffd75db0000 	C:\Windows\System32\win32u.dll
0x00007ffd78890000 - 0x00007ffd788b8000 	C:\Windows\System32\GDI32.dll
0x00007ffd76830000 - 0x00007ffd769c3000 	C:\Windows\System32\gdi32full.dll
0x00007ffd75cf0000 - 0x00007ffd75d8b000 	C:\Windows\System32\msvcp_win.dll
0x00007ffd75f80000 - 0x00007ffd76075000 	C:\Windows\System32\ucrtbase.dll
0x00007ffd5ba60000 - 0x00007ffd5bcc9000 	C:\Windows\WinSxS\amd64_microsoft.windows.common-controls_6595b64144ccf1df_6.0.16299.665_none_15cbd8769361ff10\COMCTL32.dll
0x00007ffd78f80000 - 0x00007ffd79287000 	C:\Windows\System32\combase.dll
0x00007ffd769d0000 - 0x00007ffd76a42000 	C:\Windows\System32\bcryptPrimitives.dll
0x00007ffd78860000 - 0x00007ffd7888d000 	C:\Windows\System32\IMM32.DLL
0x0000000056bb0000 - 0x0000000056c82000 	C:\Program Files\Android\Android Studio\jre\jre\bin\msvcr100.dll
0x0000000056050000 - 0x0000000056891000 	C:\Program Files\Android\Android Studio\jre\jre\bin\server\jvm.dll
0x00007ffd793c0000 - 0x00007ffd793c8000 	C:\Windows\System32\PSAPI.DLL
0x00007ffd72380000 - 0x00007ffd72389000 	C:\Windows\SYSTEM32\WSOCK32.dll
0x00007ffd739c0000 - 0x00007ffd739e3000 	C:\Windows\SYSTEM32\WINMM.dll
0x00007ffd788d0000 - 0x00007ffd7893c000 	C:\Windows\System32\WS2_32.dll
0x00007ffd73c70000 - 0x00007ffd73c7a000 	C:\Windows\SYSTEM32\VERSION.dll
0x00007ffd73960000 - 0x00007ffd7398a000 	C:\Windows\SYSTEM32\winmmbase.dll
0x00007ffd75980000 - 0x00007ffd759ca000 	C:\Windows\System32\cfgmgr32.dll
0x00007ffd6ae30000 - 0x00007ffd6ae3f000 	C:\Program Files\Android\Android Studio\jre\jre\bin\verify.dll
0x00007ffd68550000 - 0x00007ffd68579000 	C:\Program Files\Android\Android Studio\jre\jre\bin\java.dll
0x00007ffd68640000 - 0x00007ffd68656000 	C:\Program Files\Android\Android Studio\jre\jre\bin\zip.dll
0x00007ffd76b00000 - 0x00007ffd77f38000 	C:\Windows\System32\SHELL32.dll
0x00007ffd787a0000 - 0x00007ffd78846000 	C:\Windows\System32\shcore.dll
0x00007ffd76080000 - 0x00007ffd767c7000 	C:\Windows\System32\windows.storage.dll
0x00007ffd79290000 - 0x00007ffd792e1000 	C:\Windows\System32\shlwapi.dll
0x00007ffd758d0000 - 0x00007ffd758e1000 	C:\Windows\System32\kernel.appcore.dll
0x00007ffd75930000 - 0x00007ffd7597c000 	C:\Windows\System32\powrprof.dll
0x00007ffd758f0000 - 0x00007ffd7590b000 	C:\Windows\System32\profapi.dll
0x00007ffd68150000 - 0x00007ffd6816a000 	C:\Program Files\Android\Android Studio\jre\jre\bin\net.dll
0x00007ffd75160000 - 0x00007ffd751c6000 	C:\Windows\system32\mswsock.dll
0x00007ffd68130000 - 0x00007ffd68141000 	C:\Program Files\Android\Android Studio\jre\jre\bin\nio.dll
0x00007ffd71a40000 - 0x00007ffd71a5e000 	C:\Users\vlsv__000\.gradle\native\25\windows-amd64\native-platform.dll
0x00007ffd68540000 - 0x00007ffd6854d000 	C:\Program Files\Android\Android Studio\jre\jre\bin\management.dll
0x00007ffd75330000 - 0x00007ffd75347000 	C:\Windows\SYSTEM32\CRYPTSP.dll
0x00007ffd74d00000 - 0x00007ffd74d33000 	C:\Windows\system32\rsaenh.dll
0x00007ffd75430000 - 0x00007ffd75455000 	C:\Windows\SYSTEM32\bcrypt.dll
0x00007ffd75800000 - 0x00007ffd75829000 	C:\Windows\SYSTEM32\USERENV.dll
0x00007ffd75320000 - 0x00007ffd7532b000 	C:\Windows\SYSTEM32\CRYPTBASE.dll
0x00007ffd74e90000 - 0x00007ffd74ec9000 	C:\Windows\SYSTEM32\IPHLPAPI.DLL
0x00007ffd78850000 - 0x00007ffd78858000 	C:\Windows\System32\NSI.dll
0x00007ffd6c880000 - 0x00007ffd6c896000 	C:\Windows\SYSTEM32\dhcpcsvc6.DLL
0x00007ffd6c860000 - 0x00007ffd6c87a000 	C:\Windows\SYSTEM32\dhcpcsvc.DLL
0x00007ffd67f50000 - 0x00007ffd67f6e000 	C:\Users\vlsv__000\AppData\Local\Temp\native-platform3834446551275571606dir\native-platform.dll

VM Arguments:
jvm_args: -Xmx1536m -Dfile.encoding=windows-1251 -Duser.country=RU -Duser.language=ru -Duser.variant 
java_command: org.gradle.launcher.daemon.bootstrap.GradleDaemon 4.6
java_class_path (initial): C:\Users\vlsv__000\.gradle\wrapper\dists\gradle-4.6-all\bcst21l2brirad8k2ben1letg\gradle-4.6\lib\gradle-launcher-4.6.jar
Launcher Type: SUN_STANDARD

Environment Variables:
PATH=C:\ProgramData\Oracle\Java\javapath;C:\Program Files (x86)\NVIDIA Corporation\PhysX\Common;C:\Program Files (x86)\Intel\iCLS Client\;C:\Program Files\Intel\iCLS Client\;C:\Windows\system32;C:\Windows;C:\Windows\System32\Wbem;C:\Windows\System32\WindowsPowerShell\v1.0\;C:\Program Files\Intel\Intel(R) Management Engine Components\DAL;C:\Program Files\Intel\Intel(R) Management Engine Components\IPT;C:\Program Files (x86)\Intel\Intel(R) Management Engine Components\DAL;C:\Program Files (x86)\Intel\Intel(R) Management Engine Components\IPT;C:\Program Files (x86)\Common Files\lenovo\easyplussdk\bin;C:\Program Files (x86)\OneScript\\bin;C:\Program Files (x86)\LM4\;C:\Program Files\LM4\;C:\Users\vlsv__000\AppData\Local\Microsoft\WindowsApps;C:\Users\vlsv__000\AppData\Local\Programs\Git\cmd
USERNAME=vlsv__000
OS=Windows_NT
PROCESSOR_IDENTIFIER=Intel64 Family 6 Model 60 Stepping 3, GenuineIntel



---------------  S Y S T E M  ---------------

OS: Windows 10.0 , 64 bit Build 16299 (10.0.16299.431)

CPU:total 4 (initial active 4) (2 cores per cpu, 2 threads per core) family 6 model 60 stepping 3, cmov, cx8, fxsr, mmx, sse, sse2, sse3, ssse3, sse4.1, sse4.2, popcnt, avx, avx2, aes, clmul, erms, lzcnt, ht, tsc, tscinvbit, bmi1, bmi2

Memory: 4k page, physical 8257456k(656684k free), swap 12353456k(4152k free)

vm_info: OpenJDK 64-Bit Server VM (25.152-b06) for windows-amd64 JRE (1.8.0_152-release-1136-b06), built by "builder" with MS VC++ 10.0 (VS2010)

time: Tue Nov 20 13:39:04 2018
elapsed time: 551 seconds (0d 0h 9m 11s)

