#
# There is insufficient memory for the Java Runtime Environment to continue.
# Native memory allocation (malloc) failed to allocate 1230336 bytes for Chunk::new
# Possible reasons:
#   The system is out of physical RAM or swap space
#   In 32 bit mode, the process size limit was hit
# Possible solutions:
#   Reduce memory load on the system
#   Increase physical memory or swap space
#   Check if swap backing store is full
#   Use 64 bit Java on a 64 bit OS
#   Decrease Java heap size (-Xmx/-Xms)
#   Decrease number of Java threads
#   Decrease Java thread stack sizes (-Xss)
#   Set larger code cache with -XX:ReservedCodeCacheSize=
# This output file may be truncated or incomplete.
#
#  Out of Memory Error (allocation.cpp:390), pid=7452, tid=0x0000000000003a8c
#
# JRE version: OpenJDK Runtime Environment (8.0_152-b06) (build 1.8.0_152-release-1136-b06)
# Java VM: OpenJDK 64-Bit Server VM (25.152-b06 mixed mode windows-amd64 compressed oops)
# Failed to write core dump. Minidumps are not enabled by default on client versions of Windows
#

---------------  T H R E A D  ---------------

Current thread (0x0000000018c30800):  JavaThread "C2 CompilerThread1" daemon [_thread_in_native, id=14988, stack(0x000000001a490000,0x000000001a590000)]

Stack: [0x000000001a490000,0x000000001a590000]
[error occurred during error reporting (printing stack bounds), id 0xc0000005]

Native frames: (J=compiled Java code, j=interpreted, Vv=VM code, C=native code)


Current CompileTask:
C2:   2565 1687       4       java.net.URLClassLoader$1::run (5 bytes)


---------------  P R O C E S S  ---------------

Java Threads: ( => current thread )
  0x000000001afc1800 JavaThread "RMI RenewClean-[127.0.0.1:58632,org.jetbrains.kotlin.daemon.common.LoopbackNetworkInterface$ClientLoopbackSocketFactory@76a22bfe]" daemon [_thread_blocked, id=11388, stack(0x000000001c310000,0x000000001c410000)]
  0x000000001af6f000 JavaThread "RMI TCP Connection(2)-127.0.0.1" daemon [_thread_in_vm, id=14804, stack(0x000000001c210000,0x000000001c310000)]
  0x000000001af6c000 JavaThread "RMI Scheduler(0)" daemon [_thread_blocked, id=12684, stack(0x000000001c110000,0x000000001c210000)]
  0x000000001afb1800 JavaThread "RMI TCP Connection(1)-127.0.0.1" daemon [_thread_in_native, id=13932, stack(0x000000001c010000,0x000000001c110000)]
  0x00000000051c2800 JavaThread "DestroyJavaVM" [_thread_blocked, id=15400, stack(0x00000000050c0000,0x00000000051c0000)]
  0x000000001af05800 JavaThread "GC Daemon" daemon [_thread_blocked, id=19220, stack(0x000000001bbd0000,0x000000001bcd0000)]
  0x000000001af76000 JavaThread "RMI Reaper" [_thread_blocked, id=14888, stack(0x000000001bad0000,0x000000001bbd0000)]
  0x000000001ae84000 JavaThread "Timer-0" daemon [_thread_blocked, id=14832, stack(0x000000001b8d0000,0x000000001b9d0000)]
  0x000000001ae83000 JavaThread "RMI TCP Accept-17400" daemon [_thread_in_native, id=18368, stack(0x000000001b7d0000,0x000000001b8d0000)]
  0x000000001a6b8800 JavaThread "Service Thread" daemon [_thread_blocked, id=13252, stack(0x000000001aa90000,0x000000001ab90000)]
  0x0000000018c33800 JavaThread "C1 CompilerThread2" daemon [_thread_in_native, id=11708, stack(0x000000001a590000,0x000000001a690000)]
=>0x0000000018c30800 JavaThread "C2 CompilerThread1" daemon [_thread_in_native, id=14988, stack(0x000000001a490000,0x000000001a590000)]
  0x0000000018c2c000 JavaThread "C2 CompilerThread0" daemon [_thread_in_native, id=16816, stack(0x000000001a390000,0x000000001a490000)]
  0x0000000018c2b000 JavaThread "Attach Listener" daemon [_thread_blocked, id=7748, stack(0x000000001a290000,0x000000001a390000)]
  0x0000000018c36800 JavaThread "Signal Dispatcher" daemon [_thread_blocked, id=18276, stack(0x000000001a190000,0x000000001a290000)]
  0x0000000018c18800 JavaThread "Finalizer" daemon [_thread_blocked, id=17200, stack(0x0000000019e90000,0x0000000019f90000)]
  0x00000000052b2800 JavaThread "Reference Handler" daemon [_thread_blocked, id=19408, stack(0x0000000019d90000,0x0000000019e90000)]

Other Threads:
  0x0000000018bf5800 VMThread [stack: 0x0000000019c90000,0x0000000019d90000] [id=11196]
  0x0000000018c8d000 WatcherThread [stack: 0x000000001ab90000,0x000000001ac90000] [id=5272]

VM state:not at safepoint (normal execution)

VM Mutex/Monitor currently owned by a thread:  ([mutex/lock_event])
[0x00000000051c03d0] CompileTaskAlloc_lock - owner thread: 0x0000000000000000

Heap:
 PSYoungGen      total 48640K, used 8273K [0x00000000e0000000, 0x00000000e4a00000, 0x0000000100000000)
  eden space 43520K, 7% used [0x00000000e0000000,0x00000000e03162d8,0x00000000e2a80000)
  from space 5120K, 99% used [0x00000000e4500000,0x00000000e49fe3c0,0x00000000e4a00000)
  to   space 5120K, 0% used [0x00000000e4000000,0x00000000e4000000,0x00000000e4500000)
 ParOldGen       total 65536K, used 10455K [0x00000000a0000000, 0x00000000a4000000, 0x00000000e0000000)
  object space 65536K, 15% used [0x00000000a0000000,0x00000000a0a35f40,0x00000000a4000000)
 Metaspace       used 24534K, capacity 24914K, committed 25344K, reserved 1073152K
  class space    used 3118K, capacity 3223K, committed 3328K, reserved 1048576K

Card table byte_map: [0x0000000014680000,0x0000000014990000] byte_map_base: 0x0000000014180000

Marking Bits: (ParMarkBitMap*) 0x0000000056815aa0
 Begin Bits: [0x0000000014f90000, 0x0000000016790000)
 End Bits:   [0x0000000016790000, 0x0000000017f90000)

Polling page: 0x0000000005020000

CodeCache: size=245760Kb used=5339Kb max_used=5339Kb free=240420Kb
 bounds [0x00000000052c0000, 0x0000000005800000, 0x00000000142c0000]
 total_blobs=2186 nmethods=1738 adapters=361
 compilation: enabled

Compilation events (10 events):
Event: 2.539 Thread 0x0000000018c33800 1731       3       sun.reflect.ConstructorAccessorImpl::<init> (5 bytes)
Event: 2.539 Thread 0x0000000018c33800 nmethod 1731 0x00000000057ee850 code [0x00000000057ee9c0, 0x00000000057eebd0]
Event: 2.541 Thread 0x0000000018c33800 1732       3       java.lang.invoke.MethodType::<init> (40 bytes)
Event: 2.542 Thread 0x0000000018c33800 nmethod 1732 0x00000000057e4950 code [0x00000000057e4b00, 0x00000000057e5168]
Event: 2.542 Thread 0x0000000018c33800 1733       3       java.lang.invoke.MethodTypeForm::canonicalize (64 bytes)
Event: 2.542 Thread 0x0000000018c33800 nmethod 1733 0x00000000057ee110 code [0x00000000057ee2a0, 0x00000000057ee6e8]
Event: 2.542 Thread 0x0000000018c33800 1734       3       java.lang.invoke.MethodType$ConcurrentWeakInternSet::add (66 bytes)
Event: 2.542 Thread 0x0000000018c33800 nmethod 1734 0x00000000057ef150 code [0x00000000057ef380, 0x00000000057f0148]
Event: 2.547 Thread 0x0000000018c33800 1736       3       java.util.jar.JarFile::maybeInstantiateVerifier (96 bytes)
Event: 2.547 Thread 0x0000000018c33800 nmethod 1736 0x00000000057f0790 code [0x00000000057f09c0, 0x00000000057f1668]

GC Heap History (10 events):
Event: 0.627 GC heap before
{Heap before GC invocations=2 (full 1):
 PSYoungGen      total 37888K, used 2935K [0x00000000e0000000, 0x00000000e2a00000, 0x0000000100000000)
  eden space 32768K, 0% used [0x00000000e0000000,0x00000000e0000000,0x00000000e2000000)
  from space 5120K, 57% used [0x00000000e2000000,0x00000000e22ddc58,0x00000000e2500000)
  to   space 5120K, 0% used [0x00000000e2500000,0x00000000e2500000,0x00000000e2a00000)
 ParOldGen       total 86016K, used 8K [0x00000000a0000000, 0x00000000a5400000, 0x00000000e0000000)
  object space 86016K, 0% used [0x00000000a0000000,0x00000000a0002000,0x00000000a5400000)
 Metaspace       used 9084K, capacity 9276K, committed 9600K, reserved 1058816K
  class space    used 968K, capacity 1056K, committed 1152K, reserved 1048576K
Event: 0.638 GC heap after
Heap after GC invocations=2 (full 1):
 PSYoungGen      total 37888K, used 0K [0x00000000e0000000, 0x00000000e2a00000, 0x0000000100000000)
  eden space 32768K, 0% used [0x00000000e0000000,0x00000000e0000000,0x00000000e2000000)
  from space 5120K, 0% used [0x00000000e2000000,0x00000000e2000000,0x00000000e2500000)
  to   space 5120K, 0% used [0x00000000e2500000,0x00000000e2500000,0x00000000e2a00000)
 ParOldGen       total 86016K, used 2702K [0x00000000a0000000, 0x00000000a5400000, 0x00000000e0000000)
  object space 86016K, 3% used [0x00000000a0000000,0x00000000a02a3b10,0x00000000a5400000)
 Metaspace       used 9084K, capacity 9276K, committed 9600K, reserved 1058816K
  class space    used 968K, capacity 1056K, committed 1152K, reserved 1048576K
}
Event: 1.297 GC heap before
{Heap before GC invocations=3 (full 1):
 PSYoungGen      total 37888K, used 32766K [0x00000000e0000000, 0x00000000e2a00000, 0x0000000100000000)
  eden space 32768K, 99% used [0x00000000e0000000,0x00000000e1fff878,0x00000000e2000000)
  from space 5120K, 0% used [0x00000000e2000000,0x00000000e2000000,0x00000000e2500000)
  to   space 5120K, 0% used [0x00000000e2500000,0x00000000e2500000,0x00000000e2a00000)
 ParOldGen       total 86016K, used 2702K [0x00000000a0000000, 0x00000000a5400000, 0x00000000e0000000)
  object space 86016K, 3% used [0x00000000a0000000,0x00000000a02a3b10,0x00000000a5400000)
 Metaspace       used 14151K, capacity 14456K, committed 14592K, reserved 1062912K
  class space    used 1629K, capacity 1730K, committed 1792K, reserved 1048576K
Event: 1.305 GC heap after
Heap after GC invocations=3 (full 1):
 PSYoungGen      total 37888K, used 5104K [0x00000000e0000000, 0x00000000e4a00000, 0x0000000100000000)
  eden space 32768K, 0% used [0x00000000e0000000,0x00000000e0000000,0x00000000e2000000)
  from space 5120K, 99% used [0x00000000e2500000,0x00000000e29fc048,0x00000000e2a00000)
  to   space 5120K, 0% used [0x00000000e2000000,0x00000000e2000000,0x00000000e2500000)
 ParOldGen       total 86016K, used 5108K [0x00000000a0000000, 0x00000000a5400000, 0x00000000e0000000)
  object space 86016K, 5% used [0x00000000a0000000,0x00000000a04fd0c8,0x00000000a5400000)
 Metaspace       used 14151K, capacity 14456K, committed 14592K, reserved 1062912K
  class space    used 1629K, capacity 1730K, committed 1792K, reserved 1048576K
}
Event: 1.708 GC heap before
{Heap before GC invocations=4 (full 1):
 PSYoungGen      total 37888K, used 20813K [0x00000000e0000000, 0x00000000e4a00000, 0x0000000100000000)
  eden space 32768K, 47% used [0x00000000e0000000,0x00000000e0f57538,0x00000000e2000000)
  from space 5120K, 99% used [0x00000000e2500000,0x00000000e29fc048,0x00000000e2a00000)
  to   space 5120K, 0% used [0x00000000e2000000,0x00000000e2000000,0x00000000e2500000)
 ParOldGen       total 86016K, used 5108K [0x00000000a0000000, 0x00000000a5400000, 0x00000000e0000000)
  object space 86016K, 5% used [0x00000000a0000000,0x00000000a04fd0c8,0x00000000a5400000)
 Metaspace       used 17154K, capacity 17374K, committed 17536K, reserved 1069056K
  class space    used 1991K, capacity 2067K, committed 2176K, reserved 1048576K
Event: 1.714 GC heap after
Heap after GC invocations=4 (full 1):
 PSYoungGen      total 37888K, used 5094K [0x00000000e0000000, 0x00000000e4a00000, 0x0000000100000000)
  eden space 32768K, 0% used [0x00000000e0000000,0x00000000e0000000,0x00000000e2000000)
  from space 5120K, 99% used [0x00000000e2000000,0x00000000e24f9910,0x00000000e2500000)
  to   space 5120K, 0% used [0x00000000e4500000,0x00000000e4500000,0x00000000e4a00000)
 ParOldGen       total 86016K, used 6622K [0x00000000a0000000, 0x00000000a5400000, 0x00000000e0000000)
  object space 86016K, 7% used [0x00000000a0000000,0x00000000a0677880,0x00000000a5400000)
 Metaspace       used 17154K, capacity 17374K, committed 17536K, reserved 1069056K
  class space    used 1991K, capacity 2067K, committed 2176K, reserved 1048576K
}
Event: 1.714 GC heap before
{Heap before GC invocations=5 (full 2):
 PSYoungGen      total 37888K, used 5094K [0x00000000e0000000, 0x00000000e4a00000, 0x0000000100000000)
  eden space 32768K, 0% used [0x00000000e0000000,0x00000000e0000000,0x00000000e2000000)
  from space 5120K, 99% used [0x00000000e2000000,0x00000000e24f9910,0x00000000e2500000)
  to   space 5120K, 0% used [0x00000000e4500000,0x00000000e4500000,0x00000000e4a00000)
 ParOldGen       total 86016K, used 6622K [0x00000000a0000000, 0x00000000a5400000, 0x00000000e0000000)
  object space 86016K, 7% used [0x00000000a0000000,0x00000000a0677880,0x00000000a5400000)
 Metaspace       used 17154K, capacity 17374K, committed 17536K, reserved 1069056K
  class space    used 1991K, capacity 2067K, committed 2176K, reserved 1048576K
Event: 1.742 GC heap after
Heap after GC invocations=5 (full 2):
 PSYoungGen      total 37888K, used 0K [0x00000000e0000000, 0x00000000e4a00000, 0x0000000100000000)
  eden space 32768K, 0% used [0x00000000e0000000,0x00000000e0000000,0x00000000e2000000)
  from space 5120K, 0% used [0x00000000e2000000,0x00000000e2000000,0x00000000e2500000)
  to   space 5120K, 0% used [0x00000000e4500000,0x00000000e4500000,0x00000000e4a00000)
 ParOldGen       total 65536K, used 7782K [0x00000000a0000000, 0x00000000a4000000, 0x00000000e0000000)
  object space 65536K, 11% used [0x00000000a0000000,0x00000000a0799800,0x00000000a4000000)
 Metaspace       used 17154K, capacity 17374K, committed 17536K, reserved 1067008K
  class space    used 1991K, capacity 2067K, committed 2176K, reserved 1048576K
}
Event: 2.513 GC heap before
{Heap before GC invocations=6 (full 2):
 PSYoungGen      total 37888K, used 32768K [0x00000000e0000000, 0x00000000e4a00000, 0x0000000100000000)
  eden space 32768K, 100% used [0x00000000e0000000,0x00000000e2000000,0x00000000e2000000)
  from space 5120K, 0% used [0x00000000e2000000,0x00000000e2000000,0x00000000e2500000)
  to   space 5120K, 0% used [0x00000000e4500000,0x00000000e4500000,0x00000000e4a00000)
 ParOldGen       total 65536K, used 7782K [0x00000000a0000000, 0x00000000a4000000, 0x00000000e0000000)
  object space 65536K, 11% used [0x00000000a0000000,0x00000000a0799800,0x00000000a4000000)
 Metaspace       used 24001K, capacity 24388K, committed 24704K, reserved 1071104K
  class space    used 3030K, capacity 3154K, committed 3200K, reserved 1048576K
Event: 2.521 GC heap after
Heap after GC invocations=6 (full 2):
 PSYoungGen      total 48640K, used 5112K [0x00000000e0000000, 0x00000000e4a00000, 0x0000000100000000)
  eden space 43520K, 0% used [0x00000000e0000000,0x00000000e0000000,0x00000000e2a80000)
  from space 5120K, 99% used [0x00000000e4500000,0x00000000e49fe3c0,0x00000000e4a00000)
  to   space 5120K, 0% used [0x00000000e4000000,0x00000000e4000000,0x00000000e4500000)
 ParOldGen       total 65536K, used 10455K [0x00000000a0000000, 0x00000000a4000000, 0x00000000e0000000)
  object space 65536K, 15% used [0x00000000a0000000,0x00000000a0a35f40,0x00000000a4000000)
 Metaspace       used 24001K, capacity 24388K, committed 24704K, reserved 1071104K
  class space    used 3030K, capacity 3154K, committed 3200K, reserved 1048576K
}

Deoptimization events (10 events):
Event: 2.419 Thread 0x000000001af6f000 Uncommon trap: reason=bimorphic action=maybe_recompile pc=0x000000000558c15c method=java.io.FilterInputStream.read([B)I @ 5
Event: 2.419 Thread 0x000000001af6f000 Uncommon trap: reason=bimorphic action=maybe_recompile pc=0x000000000558c15c method=java.io.FilterInputStream.read([B)I @ 5
Event: 2.419 Thread 0x000000001af6f000 Uncommon trap: reason=bimorphic action=maybe_recompile pc=0x000000000558c15c method=java.io.FilterInputStream.read([B)I @ 5
Event: 2.419 Thread 0x000000001af6f000 Uncommon trap: reason=class_check action=maybe_recompile pc=0x0000000005688340 method=java.util.Collections$UnmodifiableCollection.size()I @ 4
Event: 2.419 Thread 0x000000001af6f000 Uncommon trap: reason=class_check action=maybe_recompile pc=0x00000000056b772c method=java.util.Collections$UnmodifiableList.get(I)Ljava/lang/Object; @ 5
Event: 2.419 Thread 0x000000001af6f000 Uncommon trap: reason=class_check action=maybe_recompile pc=0x00000000056b772c method=java.util.Collections$UnmodifiableList.get(I)Ljava/lang/Object; @ 5
Event: 2.421 Thread 0x000000001af6f000 Uncommon trap: reason=unstable_if action=reinterpret pc=0x0000000005448d48 method=java.lang.String.startsWith(Ljava/lang/String;I)Z @ 25
Event: 2.471 Thread 0x000000001af6f000 Uncommon trap: reason=bimorphic action=maybe_recompile pc=0x000000000558c15c method=java.io.FilterInputStream.read([B)I @ 5
Event: 2.528 Thread 0x000000001af6f000 Uncommon trap: reason=unstable_if action=reinterpret pc=0x00000000057d2c2c method=java.util.jar.JarFile.maybeInstantiateVerifier()V @ 4
Event: 2.552 Thread 0x000000001af6f000 Uncommon trap: reason=unstable_if action=reinterpret pc=0x00000000057d1f74 method=java.lang.ref.SoftReference.get()Ljava/lang/Object; @ 6

Classes redefined (0 events):
No events

Internal exceptions (10 events):
Event: 0.754 Thread 0x000000001af6f000 Exception <a 'java/lang/NoSuchMethodError': <clinit>> (0x00000000e0482188) thrown at [D:\src\AOSP-openjdk-cygwin\jdk8u\hotspot\src\share\vm\prims\jni.cpp, line 1613]
Event: 0.901 Thread 0x000000001af6f000 Exception <a 'java/lang/NoSuchMethodError': <clinit>> (0x00000000e0641d70) thrown at [D:\src\AOSP-openjdk-cygwin\jdk8u\hotspot\src\share\vm\prims\jni.cpp, line 1613]
Event: 0.910 Thread 0x000000001afc1800 Exception <a 'java/lang/InterruptedException'> (0x00000000e065de80) thrown at [D:\src\AOSP-openjdk-cygwin\jdk8u\hotspot\src\share\vm\runtime\objectMonitor.cpp, line 1684]
Event: 1.208 Thread 0x000000001af6f000 Exception <a 'java/lang/ArrayIndexOutOfBoundsException'> (0x00000000e1a905d8) thrown at [D:\src\AOSP-openjdk-cygwin\jdk8u\hotspot\src\share\vm\runtime\sharedRuntime.cpp, line 605]
Event: 1.320 Thread 0x000000001af6f000 Exception <a 'java/lang/ArrayIndexOutOfBoundsException'> (0x00000000e00acdc8) thrown at [D:\src\AOSP-openjdk-cygwin\jdk8u\hotspot\src\share\vm\runtime\sharedRuntime.cpp, line 605]
Event: 2.093 Thread 0x000000001af6f000 Implicit null exception at 0x0000000005737f2f to 0x0000000005737f99
Event: 2.145 Thread 0x000000001af6f000 Exception <a 'java/lang/NoSuchMethodError': java.lang.Object.lambda$comparing$77a9974f$1(Ljava/util/function/Function;Ljava/lang/Object;Ljava/lang/Object;)I> (0x00000000e0cbd968) thrown at [D:\src\AOSP-openjdk-cygwin\jdk8u\hotspot\src\share\vm\interpreter
Event: 2.249 Thread 0x000000001af6f000 Exception <a 'java/lang/ArrayIndexOutOfBoundsException': 67> (0x00000000e123b930) thrown at [D:\src\AOSP-openjdk-cygwin\jdk8u\hotspot\src\share\vm\interpreter\interpreterRuntime.cpp, line 366]
Event: 2.378 Thread 0x000000001af6f000 Exception <a 'java/lang/NoSuchMethodError': java.lang.Object.lambda$static$0(I)[Lorg/jetbrains/kotlin/com/intellij/openapi/editor/event/DocumentListener;> (0x00000000e1a55eb8) thrown at [D:\src\AOSP-openjdk-cygwin\jdk8u\hotspot\src\share\vm\interpreter\li
Event: 2.403 Thread 0x000000001af6f000 Exception <a 'java/lang/NoSuchMethodError': java.lang.Object.lambda$static$0(I)[Lorg/jetbrains/kotlin/com/intellij/psi/PsiAnnotation;> (0x00000000e1c248b0) thrown at [D:\src\AOSP-openjdk-cygwin\jdk8u\hotspot\src\share\vm\interpreter\linkResolver.cpp, line

Events (10 events):
Event: 2.557 loading class sun/nio/fs/AbstractBasicFileAttributeView
Event: 2.557 loading class sun/nio/fs/DynamicFileAttributeView
Event: 2.557 loading class sun/nio/fs/DynamicFileAttributeView done
Event: 2.557 loading class sun/nio/fs/AbstractBasicFileAttributeView done
Event: 2.557 loading class sun/nio/fs/WindowsFileAttributeViews$Basic done
Event: 2.557 loading class sun/nio/fs/WindowsFileAttributeViews$Dos done
Event: 2.557 loading class org/jetbrains/kotlin/com/intellij/openapi/util/io/FileAttributes
Event: 2.557 loading class org/jetbrains/kotlin/com/intellij/openapi/util/io/FileAttributes done
Event: 2.557 loading class org/jetbrains/kotlin/com/intellij/openapi/util/io/FileAttributes$Type
Event: 2.557 loading class org/jetbrains/kotlin/com/intellij/openapi/util/io/FileAttributes$Type done


Dynamic libraries:
0x00007ff613120000 - 0x00007ff613151000 	C:\Program Files\Android\Android Studio\jre\jre\bin\java.exe
0x00007ffd79580000 - 0x00007ffd79760000 	C:\Windows\SYSTEM32\ntdll.dll
0x00007ffd76a50000 - 0x00007ffd76afe000 	C:\Windows\System32\KERNEL32.DLL
0x00007ffd759d0000 - 0x00007ffd75c36000 	C:\Windows\System32\KERNELBASE.dll
0x00007ffd78c10000 - 0x00007ffd78cb1000 	C:\Windows\System32\ADVAPI32.dll
0x00007ffd793d0000 - 0x00007ffd7946d000 	C:\Windows\System32\msvcrt.dll
0x00007ffd78960000 - 0x00007ffd789bb000 	C:\Windows\System32\sechost.dll
0x00007ffd78cc0000 - 0x00007ffd78ddf000 	C:\Windows\System32\RPCRT4.dll
0x00007ffd78610000 - 0x00007ffd7879f000 	C:\Windows\System32\USER32.dll
0x00007ffd75d90000 - 0x00007ffd75db0000 	C:\Windows\System32\win32u.dll
0x00007ffd78890000 - 0x00007ffd788b8000 	C:\Windows\System32\GDI32.dll
0x00007ffd76830000 - 0x00007ffd769c3000 	C:\Windows\System32\gdi32full.dll
0x00007ffd75cf0000 - 0x00007ffd75d8b000 	C:\Windows\System32\msvcp_win.dll
0x00007ffd75f80000 - 0x00007ffd76075000 	C:\Windows\System32\ucrtbase.dll
0x00007ffd5ba60000 - 0x00007ffd5bcc9000 	C:\Windows\WinSxS\amd64_microsoft.windows.common-controls_6595b64144ccf1df_6.0.16299.665_none_15cbd8769361ff10\COMCTL32.dll
0x00007ffd78f80000 - 0x00007ffd79287000 	C:\Windows\System32\combase.dll
0x00007ffd769d0000 - 0x00007ffd76a42000 	C:\Windows\System32\bcryptPrimitives.dll
0x00007ffd78860000 - 0x00007ffd7888d000 	C:\Windows\System32\IMM32.DLL
0x00000000570f0000 - 0x00000000571c2000 	C:\Program Files\Android\Android Studio\jre\jre\bin\msvcr100.dll
0x0000000056050000 - 0x0000000056891000 	C:\Program Files\Android\Android Studio\jre\jre\bin\server\jvm.dll
0x00007ffd793c0000 - 0x00007ffd793c8000 	C:\Windows\System32\PSAPI.DLL
0x00007ffd739c0000 - 0x00007ffd739e3000 	C:\Windows\SYSTEM32\WINMM.dll
0x00007ffd73a80000 - 0x00007ffd73a89000 	C:\Windows\SYSTEM32\WSOCK32.dll
0x00007ffd73c70000 - 0x00007ffd73c7a000 	C:\Windows\SYSTEM32\VERSION.dll
0x00007ffd788d0000 - 0x00007ffd7893c000 	C:\Windows\System32\WS2_32.dll
0x00007ffd73960000 - 0x00007ffd7398a000 	C:\Windows\SYSTEM32\winmmbase.dll
0x00007ffd75980000 - 0x00007ffd759ca000 	C:\Windows\System32\cfgmgr32.dll
0x00007ffd73a70000 - 0x00007ffd73a7f000 	C:\Program Files\Android\Android Studio\jre\jre\bin\verify.dll
0x00007ffd6ae30000 - 0x00007ffd6ae59000 	C:\Program Files\Android\Android Studio\jre\jre\bin\java.dll
0x00007ffd72430000 - 0x00007ffd72446000 	C:\Program Files\Android\Android Studio\jre\jre\bin\zip.dll
0x00007ffd76b00000 - 0x00007ffd77f38000 	C:\Windows\System32\SHELL32.dll
0x00007ffd787a0000 - 0x00007ffd78846000 	C:\Windows\System32\shcore.dll
0x00007ffd76080000 - 0x00007ffd767c7000 	C:\Windows\System32\windows.storage.dll
0x00007ffd79290000 - 0x00007ffd792e1000 	C:\Windows\System32\shlwapi.dll
0x00007ffd758d0000 - 0x00007ffd758e1000 	C:\Windows\System32\kernel.appcore.dll
0x00007ffd75930000 - 0x00007ffd7597c000 	C:\Windows\System32\powrprof.dll
0x00007ffd758f0000 - 0x00007ffd7590b000 	C:\Windows\System32\profapi.dll
0x00007ffd724c0000 - 0x00007ffd724cd000 	C:\Program Files\Android\Android Studio\jre\jre\bin\management.dll
0x00007ffd71a40000 - 0x00007ffd71a5a000 	C:\Program Files\Android\Android Studio\jre\jre\bin\net.dll
0x00007ffd75160000 - 0x00007ffd751c6000 	C:\Windows\system32\mswsock.dll
0x00007ffd6add0000 - 0x00007ffd6ade1000 	C:\Program Files\Android\Android Studio\jre\jre\bin\nio.dll
0x00007ffd75330000 - 0x00007ffd75347000 	C:\Windows\SYSTEM32\CRYPTSP.dll
0x00007ffd74d00000 - 0x00007ffd74d33000 	C:\Windows\system32\rsaenh.dll
0x00007ffd75430000 - 0x00007ffd75455000 	C:\Windows\SYSTEM32\bcrypt.dll
0x00007ffd75800000 - 0x00007ffd75829000 	C:\Windows\SYSTEM32\USERENV.dll
0x00007ffd75320000 - 0x00007ffd7532b000 	C:\Windows\SYSTEM32\CRYPTBASE.dll
0x00007ffd74e90000 - 0x00007ffd74ec9000 	C:\Windows\SYSTEM32\IPHLPAPI.DLL
0x00007ffd78850000 - 0x00007ffd78858000 	C:\Windows\System32\NSI.dll
0x00007ffd6c880000 - 0x00007ffd6c896000 	C:\Windows\SYSTEM32\dhcpcsvc6.DLL
0x00007ffd6c860000 - 0x00007ffd6c87a000 	C:\Windows\SYSTEM32\dhcpcsvc.DLL

VM Arguments:
jvm_args: -Djava.awt.headless=true -Djava.rmi.server.hostname=127.0.0.1 -Xmx1536m -Dkotlin.environment.keepalive 
java_command: org.jetbrains.kotlin.daemon.KotlinCompileDaemon --daemon-runFilesPath C:\Users\vlsv__000\AppData\Local\kotlin\daemon --daemon-autoshutdownIdleSeconds=7200 --daemon-compilerClasspath C:\Users\vlsv__000\.gradle\caches\modules-2\files-2.1\org.jetbrains.kotlin\kotlin-compiler-embeddable\1.3.0\6e8167f9aab0f6cfec309c2722f72dc26572a782\kotlin-compiler-embeddable-1.3.0.jar;C:\Users\vlsv__000\.gradle\caches\modules-2\files-2.1\org.jetbrains.kotlin\kotlin-reflect\1.3.0\6fd129fd9ba8581f2cb9c58bfd431dda4ee0457e\kotlin-reflect-1.3.0.jar;C:\Users\vlsv__000\.gradle\caches\modules-2\files-2.1\org.jetbrains.kotlin\kotlin-stdlib\1.3.0\a134b0cfe9bb44f98b0b3e889cda07923eea9428\kotlin-stdlib-1.3.0.jar;C:\Users\vlsv__000\.gradle\caches\modules-2\files-2.1\org.jetbrains.kotlin\kotlin-script-runtime\1.3.0\c7173ea6208fa189fb56d679624fbc5e2026187f\kotlin-script-runtime-1.3.0.jar;C:\Users\vlsv__000\.gradle\caches\modules-2\files-2.1\org.jetbrains.kotlin\kotlin-stdlib-common\1.3.0\84a2e0288dc17cd64d692eb1e5e0de8cd5ff0846\kotlin-stdlib-common-1.3.0.jar;C:\Users\vlsv__000\.gradle\caches\modules-2\files-2.1\org.jetbrains\annotations\13.0\919f0dfe192fb4e063e7dacadee7f8bb9a2672a9\annotations-13.0.jar;C:\Program Files\Android\Android Studio\jre\lib\tools.jar
java_class_path (initial): C:\Users\vlsv__000\.gradle\caches\modules-2\files-2.1\org.jetbrains.kotlin\kotlin-compiler-embeddable\1.3.0\6e8167f9aab0f6cfec309c2722f72dc26572a782\kotlin-compiler-embeddable-1.3.0.jar;C:\Users\vlsv__000\.gradle\caches\modules-2\files-2.1\org.jetbrains.kotlin\kotlin-reflect\1.3.0\6fd129fd9ba8581f2cb9c58bfd431dda4ee0457e\kotlin-reflect-1.3.0.jar;C:\Users\vlsv__000\.gradle\caches\modules-2\files-2.1\org.jetbrains.kotlin\kotlin-stdlib\1.3.0\a134b0cfe9bb44f98b0b3e889cda07923eea9428\kotlin-stdlib-1.3.0.jar;C:\Users\vlsv__000\.gradle\caches\modules-2\files-2.1\org.jetbrains.kotlin\kotlin-script-runtime\1.3.0\c7173ea6208fa189fb56d679624fbc5e2026187f\kotlin-script-runtime-1.3.0.jar;C:\Users\vlsv__000\.gradle\caches\modules-2\files-2.1\org.jetbrains.kotlin\kotlin-stdlib-common\1.3.0\84a2e0288dc17cd64d692eb1e5e0de8cd5ff0846\kotlin-stdlib-common-1.3.0.jar;C:\Users\vlsv__000\.gradle\caches\modules-2\files-2.1\org.jetbrains\annotations\13.0\919f0dfe192fb4e063e7dacadee7f8bb9a2672a9\annotations-13.0.jar;C:\Program Files\Android\Android Studio\jre\lib\tools.jar
Launcher Type: SUN_STANDARD

Environment Variables:
PATH=C:\ProgramData\Oracle\Java\javapath;C:\Program Files (x86)\NVIDIA Corporation\PhysX\Common;C:\Program Files (x86)\Intel\iCLS Client\;C:\Program Files\Intel\iCLS Client\;C:\Windows\system32;C:\Windows;C:\Windows\System32\Wbem;C:\Windows\System32\WindowsPowerShell\v1.0\;C:\Program Files\Intel\Intel(R) Management Engine Components\DAL;C:\Program Files\Intel\Intel(R) Management Engine Components\IPT;C:\Program Files (x86)\Intel\Intel(R) Management Engine Components\DAL;C:\Program Files (x86)\Intel\Intel(R) Management Engine Components\IPT;C:\Program Files (x86)\Common Files\lenovo\easyplussdk\bin;C:\Program Files (x86)\OneScript\\bin;C:\Program Files (x86)\LM4\;C:\Program Files\LM4\;C:\Users\vlsv__000\AppData\Local\Microsoft\WindowsApps;C:\Users\vlsv__000\AppData\Local\Programs\Git\cmd
USERNAME=vlsv__000
OS=Windows_NT
PROCESSOR_IDENTIFIER=Intel64 Family 6 Model 60 Stepping 3, GenuineIntel



---------------  S Y S T E M  ---------------

OS: Windows 10.0 , 64 bit Build 16299 (10.0.16299.431)

CPU:total 4 (initial active 4) (2 cores per cpu, 2 threads per core) family 6 model 60 stepping 3, cmov, cx8, fxsr, mmx, sse, sse2, sse3, ssse3, sse4.1, sse4.2, popcnt, avx, avx2, aes, clmul, erms, lzcnt, ht, tsc, tscinvbit, bmi1, bmi2

Memory: 4k page, physical 8257456k(709028k free), swap 12353456k(5684k free)

vm_info: OpenJDK 64-Bit Server VM (25.152-b06) for windows-amd64 JRE (1.8.0_152-release-1136-b06), built by "builder" with MS VC++ 10.0 (VS2010)

time: Mon Nov 19 21:32:16 2018
elapsed time: 2 seconds (0d 0h 0m 2s)

